#
# A fatal error has been detected by the Java Runtime Environment:
#
#  EXCEPTION_ACCESS_VIOLATION (0xc0000005) at pc=0x00007ffb722ea06a, pid=95196, tid=24352
#
# JRE version: OpenJDK Runtime Environment Corretto-17.0.4.9.1 (17.0.4.1+9) (build 17.0.4.1+9-LTS)
# Java VM: OpenJDK 64-Bit Server VM Corretto-17.0.4.9.1 (17.0.4.1+9-LTS, mixed mode, sharing, tiered, compressed oops, compressed class ptrs, g1 gc, windows-amd64)
# Problematic frame:
# V  [jvm.dll+0x76a06a]
#
# No core dump will be written. Minidumps are not enabled by default on client versions of Windows
#
# If you would like to submit a bug report, please visit:
#   https://github.com/corretto/corretto-17/issues/
#

---------------  S U M M A R Y ------------

Command Line: -XX:+ShowCodeDetailsInExceptionMessages -agentlib:jdwp=transport=dt_socket,suspend=y,address=localhost:55941 -javaagent:C:\Users\nbe_adm\eclipse\modeling-2023-09\eclipse\configuration\org.eclipse.osgi\689\0\.cp\lib\javaagent-shaded.jar -Dfile.encoding=UTF-8 -Dstdout.encoding=UTF-8 -Dstderr.encoding=UTF-8 edu.kit.ipd.sdq.vitruvius.cloud.adapter.launch.AdapterLaunch

Host: AMD Ryzen 7 PRO 5850U with Radeon Graphics     , 16 cores, 27G,  Windows 11 , 64 bit Build 22621 (10.0.22621.2506)
Time: Fri Mar  8 10:34:10 2024 W. Europe Standard Time elapsed time: 3370.452217 seconds (0d 0h 56m 10s)

---------------  T H R E A D  ---------------

Current thread (0x000001cc77224160):  JavaThread "JDWP Transport Listener: dt_socket" daemon [_thread_in_vm, id=24352, stack(0x0000002c07800000,0x0000002c07900000)]

Stack: [0x0000002c07800000,0x0000002c07900000],  sp=0x0000002c078ff890,  free space=1022k
Native frames: (J=compiled Java code, j=interpreted, Vv=VM code, C=native code)
V  [jvm.dll+0x76a06a]
V  [jvm.dll+0x4e3c58]
V  [jvm.dll+0x4b4bc4]
C  [jdwp.dll+0x22bc0]


siginfo: EXCEPTION_ACCESS_VIOLATION (0xc0000005), reading address 0x0000000000a30014


Register to memory mapping:

RIP=0x00007ffb722ea06a jvm.dll
RAX=0x00000000000000a2 is an unknown value
RBX=0x000001cc770c7f5c points into unknown readable memory: 2f 66 61 73
RCX=0x0000000000a30010 is an unknown value
RDX=0x000001cc7727a350 points into unknown readable memory: 0x762f736c6f6f744c | 4c 74 6f 6f 6c 73 2f 76
RSP=0x0000002c078ff890 is pointing into the stack for thread: 0x000001cc77224160
RBP=0x000001cc771cfda0 points into unknown readable memory: 0x000001cc00000002 | 02 00 00 00 cc 01 00 00
RSI=0x0 is NULL
RDI=0xffffffffffffffff is an unknown value
R8 =0x00000000000001ec is an unknown value
R9 =0x0000000000000040 is an unknown value
R10=0x00000000000001c0 is an unknown value
R11=0x0000002c078ff8b0 is pointing into the stack for thread: 0x000001cc77224160
R12=0x0000002c078ff9b8 is pointing into the stack for thread: 0x000001cc77224160
R13=0x0 is NULL
R14=0x0000000800d0c718 is a pointer to class: 
tools.vitruv.framework.remote.common.serializer.VitruviusChangeSerializer {0x0000000800d0c720}
 - instance size:     2
 - klass size:        82
 - access:            public synchronized 
 - state:             fully_initialized
 - name:              'tools/vitruv/framework/remote/common/serializer/VitruviusChangeSerializer'
 - super:             'com/fasterxml/jackson/databind/JsonSerializer'
 - sub:               
 - arrays:            NULL
 - methods:           Array<T>(0x000001cc0110ffb8)
 - method ordering:   Array<T>(0x000001cc011131a8)
 - default_methods:   Array<T>(0x0000000000000000)
 - local interfaces:  Array<T>(0x00000008005cf938)
 - trans. interfaces: Array<T>(0x000001cc76e5f6c8)
 - constants:         constant pool [191]/operands[5] {0x000001cc01113f40} for 'tools/vitruv/framework/remote/common/serializer/VitruviusChangeSerializer' cache=0x000001cc01114630
 - class loader data:  loader data: 0x000001cc77027880 for instance a 'jdk/internal/loader/ClassLoaders$AppClassLoader'{0x0000000642c02cb0}
 - source file:       'VitruviusChangeSerializer.java'
 - source debug extension:       SMAP
VitruviusChangeSerializer.java
Java
*S jdt
*F
1 VitruviusChangeSerializer.java
2 file:/C:/Users/nbe_adm/Documents/workspace/ma/remote/Vitruv/bundles/tools.vitruv.framework.remote/target/tools.vitruv.framework.remote-3.0.1-SNAPSHOT.jar
*L
*E

 - class annotations:       Array<T>(0x0000000000000000)
 - class type annotations:  Array<T>(0x0000000000000000)
 - field annotations:       Array<T>(0x0000000000000000)
 - field type annotations:  Array<T>(0x0000000000000000)
 - generic signature: '
[error occurred during error reporting (printing register info), id 0xc0000005, EXCEPTION_ACCESS_VIOLATION (0xc0000005) at pc=0x00007ffb722eac36]

Registers:
RAX=0x00000000000000a2, RBX=0x000001cc770c7f5c, RCX=0x0000000000a30010, RDX=0x000001cc7727a350
RSP=0x0000002c078ff890, RBP=0x000001cc771cfda0, RSI=0x0000000000000000, RDI=0xffffffffffffffff
R8 =0x00000000000001ec, R9 =0x0000000000000040, R10=0x00000000000001c0, R11=0x0000002c078ff8b0
R12=0x0000002c078ff9b8, R13=0x0000000000000000, R14=0x0000000800d0c718, R15=0x0000002c078ff9e0
RIP=0x00007ffb722ea06a, EFLAGS=0x0000000000010206

Top of Stack: (sp=0x0000002c078ff890)
0x0000002c078ff890:   0000000000000049 0000000800d0c718
0x0000002c078ff8a0:   000042ccee3d216f 000001cc771dbcb0
0x0000002c078ff8b0:   ffffffffffffffff 00007ffb72063c58
0x0000002c078ff8c0:   000001cc770c7f5c 000001cc770c7f10
0x0000002c078ff8d0:   000001cc771cfda0 00007ffbdf2f4d25
0x0000002c078ff8e0:   000001cc770c7eb0 00000000000003d8
0x0000002c078ff8f0:   000001cc770c7ec0 000001cc770c8298
0x0000002c078ff900:   0000000000007c01 0000002c078ff9b8
0x0000002c078ff910:   000001cc497da7e0 0000002c078ff9e0
0x0000002c078ff920:   000001cc77224160 00007ffb72034bc4
0x0000002c078ff930:   000000065d98b2c8 000001cc77224408
0x0000002c078ff940:   0000000000000007 0000002c078ff9e0
0x0000002c078ff950:   000001cc77224160 0000000000000000
0x0000002c078ff960:   00007ffb00000000 0000000000000000
0x0000002c078ff970:   000001cc771dbcb8 00007ffbdf2f2bc0
0x0000002c078ff980:   0000002c078ff9d8 0000002c078ff9f0 

Instructions: (pc=0x00007ffb722ea06a)
0x00007ffb722e9f6a:   48 83 c4 20 5f e9 5c d5 94 ff cc cc cc cc cc cc
0x00007ffb722e9f7a:   cc cc cc cc cc cc 48 89 5c 24 08 57 48 83 ec 20
0x00007ffb722e9f8a:   83 fa 02 8d 42 06 b9 08 00 00 00 49 8b d8 0f 4e
0x00007ffb722e9f9a:   c1 48 63 c8 48 83 c1 07 83 e1 f8 48 63 f9 49 8b
0x00007ffb722e9faa:   48 18 48 8b c7 48 f7 d0 48 3b c1 73 16 4c 8d 05
0x00007ffb722e9fba:   4a f3 16 00 48 8b d7 48 8b cb e8 d7 36 95 ff 48
0x00007ffb722e9fca:   8b 4b 18 48 8d 04 39 48 3b 43 20 76 18 45 33 c0
0x00007ffb722e9fda:   48 8b d7 48 8b cb 48 8b 5c 24 30 48 83 c4 20 5f
0x00007ffb722e9fea:   e9 81 33 95 ff 48 89 43 18 48 8b c1 48 8b 5c 24
0x00007ffb722e9ffa:   30 48 83 c4 20 5f c3 cc cc cc cc cc cc cc cc cc
0x00007ffb722ea00a:   cc cc cc cc cc cc 4c 8b d2 4c 8b d9 45 85 c0 7e
0x00007ffb722ea01a:   3c 44 0f b7 49 04 41 8d 40 ff 45 3b c1 44 0f 4e
0x00007ffb722ea02a:   c8 4d 63 c1 45 85 c9 7e 1f 48 8b c2 4c 2b da 49
0x00007ffb722ea03a:   8b d0 0f 1f 40 00 41 0f b6 4c 03 06 88 08 48 8d
0x00007ffb722ea04a:   40 01 48 83 ea 01 75 ee 43 c6 04 10 00 49 8b c2
0x00007ffb722ea05a:   c3 cc cc cc cc cc 48 89 5c 24 08 57 48 83 ec 20
0x00007ffb722ea06a:   0f b7 59 04 48 8b f9 33 d2 48 8d 4b 01 e8 d4 1a
0x00007ffb722ea07a:   f3 ff 0f b7 57 04 8d 4b 01 3b ca 4c 8b c0 0f 46
0x00007ffb722ea08a:   d3 4c 63 ca 85 d2 7e 31 48 8b c8 48 2b f8 49 8b
0x00007ffb722ea09a:   d1 0f 1f 44 00 00 0f b6 44 0f 06 88 01 48 8d 49
0x00007ffb722ea0aa:   01 48 83 ea 01 75 ef 43 88 14 01 49 8b c0 48 8b
0x00007ffb722ea0ba:   5c 24 30 48 83 c4 20 5f c3 48 8b 5c 24 30 41 c6
0x00007ffb722ea0ca:   04 01 00 48 83 c4 20 5f c3 cc cc cc cc cc cc cc
0x00007ffb722ea0da:   cc cc cc cc cc cc 4c 8b d1 45 85 c0 7e 6c 44 0f
0x00007ffb722ea0ea:   b7 49 04 41 8d 40 ff 45 3b c1 44 0f 4e c8 4d 63
0x00007ffb722ea0fa:   d9 45 85 c9 7e 22 48 8b ca 4c 2b d2 4d 8b c3 0f
0x00007ffb722ea10a:   1f 80 00 00 00 00 41 0f b6 44 0a 06 88 01 48 8d
0x00007ffb722ea11a:   49 01 49 83 e8 01 75 ee 41 c6 04 13 00 48 c7 c0
0x00007ffb722ea12a:   ff ff ff ff 66 90 48 ff c0 80 3c 02 00 75 f7 48
0x00007ffb722ea13a:   63 c8 85 c0 48 8b c2 7e 14 80 38 2f 75 03 c6 00
0x00007ffb722ea14a:   2e 48 ff c0 48 83 e9 01 75 ef 48 8b c2 c3 cc cc
0x00007ffb722ea15a:   cc cc cc cc cc cc 48 83 ec 28 e8 f7 fe ff ff 4c 


Stack slot to memory mapping:
stack at sp + 0 slots: 0x0000000000000049 is an unknown value
stack at sp + 1 slots: 0x0000000800d0c718 is a pointer to class: 
tools.vitruv.framework.remote.common.serializer.VitruviusChangeSerializer {0x0000000800d0c720}
 - instance size:     2
 - klass size:        82
 - access:            public synchronized 
 - state:             fully_initialized
 - name:              'tools/vitruv/framework/remote/common/serializer/VitruviusChangeSerializer'
 - super:             'com/fasterxml/jackson/databind/JsonSerializer'
 - sub:               
 - arrays:            NULL
 - methods:           Array<T>(0x000001cc0110ffb8)
 - method ordering:   Array<T>(0x000001cc011131a8)
 - default_methods:   Array<T>(0x0000000000000000)
 - local interfaces:  Array<T>(0x00000008005cf938)
 - trans. interfaces: Array<T>(0x000001cc76e5f6c8)
 - constants:         constant pool [191]/operands[5] {0x000001cc01113f40} for 'tools/vitruv/framework/remote/common/serializer/VitruviusChangeSerializer' cache=0x000001cc01114630
 - class loader data:  loader data: 0x000001cc77027880 for instance a 'jdk/internal/loader/ClassLoaders$AppClassLoader'{0x0000000642c02cb0}
 - source file:       'VitruviusChangeSerializer.java'
 - source debug extension:       SMAP
VitruviusChangeSerializer.java
Java
*S jdt
*F
1 VitruviusChangeSerializer.java
2 file:/C:/Users/nbe_adm/Documents/workspace/ma/remote/Vitruv/bundles/tools.vitruv.framework.remote/target/tools.vitruv.framework.remote-3.0.1-SNAPSHOT.jar
*L
*E

 - class annotations:       Array<T>(0x0000000000000000)
 - class type annotations:  Array<T>(0x0000000000000000)
 - field annotations:       Array<T>(0x0000000000000000)
 - field type annotations:  Array<T>(0x0000000000000000)
 - generic signature: '
[error occurred during error reporting (inspecting top of stack), id 0xc0000005, EXCEPTION_ACCESS_VIOLATION (0xc0000005) at pc=0x00007ffb722eac36]


---------------  P R O C E S S  ---------------

Threads class SMR info:
_java_thread_list=0x000001cc7c2a2260, length=20, elements={
0x000001cc75f43830, 0x000001cc75f44d50, 0x000001cc77007bf0, 0x000001cc7700a6d0,
0x000001cc7700b930, 0x000001cc7700e9a0, 0x000001cc77013a80, 0x000001cc77014430,
0x000001cc7701bcd0, 0x000001cc770d6ee0, 0x000001cc77224160, 0x000001cc77205780,
0x000001cc771f8430, 0x000001cc77bc3c70, 0x000001cc77b6bbf0, 0x000001cc7880db30,
0x000001cc7ae8f600, 0x000001cc79a3e5f0, 0x000001cc78536720, 0x000001cc4b941bf0
}

Java Threads: ( => current thread )
  0x000001cc75f43830 JavaThread "Reference Handler" daemon [_thread_blocked, id=52020, stack(0x0000002c06b00000,0x0000002c06c00000)]
  0x000001cc75f44d50 JavaThread "Finalizer" daemon [_thread_blocked, id=48836, stack(0x0000002c06c00000,0x0000002c06d00000)]
  0x000001cc77007bf0 JavaThread "Signal Dispatcher" daemon [_thread_blocked, id=61376, stack(0x0000002c06d00000,0x0000002c06e00000)]
  0x000001cc7700a6d0 JavaThread "Attach Listener" daemon [_thread_blocked, id=60396, stack(0x0000002c06e00000,0x0000002c06f00000)]
  0x000001cc7700b930 JavaThread "Service Thread" daemon [_thread_blocked, id=51636, stack(0x0000002c06f00000,0x0000002c07000000)]
  0x000001cc7700e9a0 JavaThread "Monitor Deflation Thread" daemon [_thread_blocked, id=47272, stack(0x0000002c07000000,0x0000002c07100000)]
  0x000001cc77013a80 JavaThread "C2 CompilerThread0" daemon [_thread_blocked, id=41440, stack(0x0000002c07100000,0x0000002c07200000)]
  0x000001cc77014430 JavaThread "C1 CompilerThread0" daemon [_thread_blocked, id=52636, stack(0x0000002c07200000,0x0000002c07300000)]
  0x000001cc7701bcd0 JavaThread "Sweeper thread" daemon [_thread_blocked, id=59444, stack(0x0000002c07300000,0x0000002c07400000)]
  0x000001cc770d6ee0 JavaThread "Common-Cleaner" daemon [_thread_blocked, id=40760, stack(0x0000002c07400000,0x0000002c07500000)]
=>0x000001cc77224160 JavaThread "JDWP Transport Listener: dt_socket" daemon [_thread_in_vm, id=24352, stack(0x0000002c07800000,0x0000002c07900000)]
  0x000001cc77205780 JavaThread "JDWP Event Helper Thread" daemon [_thread_blocked, id=26484, stack(0x0000002c07900000,0x0000002c07a00000)]
  0x000001cc771f8430 JavaThread "JDWP Command Reader" daemon [_thread_in_native, id=45224, stack(0x0000002c07a00000,0x0000002c07b00000)]
  0x000001cc77bc3c70 JavaThread "Notification Thread" daemon [_thread_blocked, id=4848, stack(0x0000002c07b00000,0x0000002c07c00000)]
  0x000001cc77b6bbf0 JavaThread "EMF Reference Cleaner" daemon [_thread_blocked, id=53404, stack(0x0000002c07f00000,0x0000002c08000000)]
  0x000001cc7880db30 JavaThread "HttpClient-1-SelectorManager" daemon [_thread_in_native, id=18164, stack(0x0000002c08d00000,0x0000002c08e00000)]
  0x000001cc7ae8f600 JavaThread "server-timer" daemon [_thread_blocked, id=60996, stack(0x0000002c08f00000,0x0000002c09000000)]
  0x000001cc79a3e5f0 JavaThread "HttpClient-2-SelectorManager" daemon [_thread_in_native, id=23712, stack(0x0000002c09000000,0x0000002c09100000)]
  0x000001cc78536720 JavaThread "HTTP-Dispatcher" [_thread_in_native, id=54764, stack(0x0000002c09100000,0x0000002c09200000)]
  0x000001cc4b941bf0 JavaThread "DestroyJavaVM" [_thread_blocked, id=22648, stack(0x0000002c06400000,0x0000002c06500000)]

Other Threads:
  0x000001cc75f3e580 VMThread "VM Thread" [stack: 0x0000002c06a00000,0x0000002c06b00000] [id=15856]
  0x000001cc778d4de0 WatcherThread [stack: 0x0000002c07c00000,0x0000002c07d00000] [id=17496]
  0x000001cc4b9dd4b0 GCTaskThread "GC Thread#0" [stack: 0x0000002c06500000,0x0000002c06600000] [id=41012]
  0x000001cc783b6ae0 GCTaskThread "GC Thread#1" [stack: 0x0000002c08000000,0x0000002c08100000] [id=53396]
  0x000001cc77fc6a60 GCTaskThread "GC Thread#2" [stack: 0x0000002c08100000,0x0000002c08200000] [id=50552]
  0x000001cc77f0bd00 GCTaskThread "GC Thread#3" [stack: 0x0000002c08200000,0x0000002c08300000] [id=50064]
  0x000001cc77f0bfb0 GCTaskThread "GC Thread#4" [stack: 0x0000002c08300000,0x0000002c08400000] [id=53532]
  0x000001cc77f0c670 GCTaskThread "GC Thread#5" [stack: 0x0000002c08400000,0x0000002c08500000] [id=24752]
  0x000001cc77f0c920 GCTaskThread "GC Thread#6" [stack: 0x0000002c08500000,0x0000002c08600000] [id=26156]
  0x000001cc77fe81c0 GCTaskThread "GC Thread#7" [stack: 0x0000002c08600000,0x0000002c08700000] [id=56316]
  0x000001cc781c7940 GCTaskThread "GC Thread#8" [stack: 0x0000002c08700000,0x0000002c08800000] [id=67272]
  0x000001cc781c7bf0 GCTaskThread "GC Thread#9" [stack: 0x0000002c08800000,0x0000002c08900000] [id=61400]
  0x000001cc780e3630 GCTaskThread "GC Thread#10" [stack: 0x0000002c08a00000,0x0000002c08b00000] [id=51668]
  0x000001cc782b5c30 GCTaskThread "GC Thread#11" [stack: 0x0000002c08b00000,0x0000002c08c00000] [id=41272]
  0x000001cc78768e80 GCTaskThread "GC Thread#12" [stack: 0x0000002c08c00000,0x0000002c08d00000] [id=25112]
  0x000001cc4b9ec280 ConcurrentGCThread "G1 Main Marker" [stack: 0x0000002c06600000,0x0000002c06700000] [id=32368]
  0x000001cc4b9ed4d0 ConcurrentGCThread "G1 Conc#0" [stack: 0x0000002c06700000,0x0000002c06800000] [id=54024]
  0x000001cc75dfc4e0 ConcurrentGCThread "G1 Refine#0" [stack: 0x0000002c06800000,0x0000002c06900000] [id=100264]
  0x000001cc75dfce10 ConcurrentGCThread "G1 Service" [stack: 0x0000002c06900000,0x0000002c06a00000] [id=70264]

Threads with active compile tasks:

VM state: not at safepoint (normal execution)

VM Mutex/Monitor currently owned by a thread: None

Heap address: 0x0000000642c00000, size: 7124 MB, Compressed Oops mode: Zero based, Oop shift amount: 3

CDS archive(s) mapped at: [0x0000000800000000-0x0000000800bc0000-0x0000000800bc0000), size 12320768, SharedBaseAddress: 0x0000000800000000, ArchiveRelocationMode: 0.
Compressed class space mapped at: 0x0000000800c00000-0x0000000840c00000, reserved size: 1073741824
Narrow klass base: 0x0000000800000000, Narrow klass shift: 0, Narrow klass range: 0x100000000

GC Precious Log:
 CPUs: 16 total, 16 available
 Memory: 28494M
 Large Page Support: Disabled
 NUMA Support: Disabled
 Compressed Oops: Enabled (Zero based)
 Heap Region Size: 4M
 Heap Min Capacity: 8M
 Heap Initial Capacity: 448M
 Heap Max Capacity: 7124M
 Pre-touch: Disabled
 Parallel Workers: 13
 Concurrent Workers: 3
 Concurrent Refinement Workers: 13
 Periodic GC: Disabled

Heap:
 garbage-first heap   total 458752K, used 140983K [0x0000000642c00000, 0x0000000800000000)
  region size 4096K, 35 young (143360K), 1 survivors (4096K)
 Metaspace       used 19550K, committed 19840K, reserved 1073152K
  class space    used 2177K, committed 2304K, reserved 1048576K

Heap Regions: E=young(eden), S=young(survivor), O=old, HS=humongous(starts), HC=humongous(continues), CS=collection set, F=free, OA=open archive, CA=closed archive, TAMS=top-at-mark-start (previous, next)
|   0|0x0000000642c00000, 0x0000000642f6a000, 0x0000000643000000| 85%| O|  |TAMS 0x0000000642c00000, 0x0000000642c00000| Untracked 
|   1|0x0000000643000000, 0x0000000643000000, 0x0000000643400000|  0%| F|  |TAMS 0x0000000643000000, 0x0000000643000000| Untracked 
|   2|0x0000000643400000, 0x0000000643400000, 0x0000000643800000|  0%| F|  |TAMS 0x0000000643400000, 0x0000000643400000| Untracked 
|   3|0x0000000643800000, 0x0000000643800000, 0x0000000643c00000|  0%| F|  |TAMS 0x0000000643800000, 0x0000000643800000| Untracked 
|   4|0x0000000643c00000, 0x0000000643c00000, 0x0000000644000000|  0%| F|  |TAMS 0x0000000643c00000, 0x0000000643c00000| Untracked 
|   5|0x0000000644000000, 0x0000000644000000, 0x0000000644400000|  0%| F|  |TAMS 0x0000000644000000, 0x0000000644000000| Untracked 
|   6|0x0000000644400000, 0x0000000644400000, 0x0000000644800000|  0%| F|  |TAMS 0x0000000644400000, 0x0000000644400000| Untracked 
|   7|0x0000000644800000, 0x0000000644800000, 0x0000000644c00000|  0%| F|  |TAMS 0x0000000644800000, 0x0000000644800000| Untracked 
|   8|0x0000000644c00000, 0x0000000644c00000, 0x0000000645000000|  0%| F|  |TAMS 0x0000000644c00000, 0x0000000644c00000| Untracked 
|   9|0x0000000645000000, 0x0000000645000000, 0x0000000645400000|  0%| F|  |TAMS 0x0000000645000000, 0x0000000645000000| Untracked 
|  10|0x0000000645400000, 0x0000000645400000, 0x0000000645800000|  0%| F|  |TAMS 0x0000000645400000, 0x0000000645400000| Untracked 
|  11|0x0000000645800000, 0x0000000645800000, 0x0000000645c00000|  0%| F|  |TAMS 0x0000000645800000, 0x0000000645800000| Untracked 
|  12|0x0000000645c00000, 0x0000000645c00000, 0x0000000646000000|  0%| F|  |TAMS 0x0000000645c00000, 0x0000000645c00000| Untracked 
|  13|0x0000000646000000, 0x0000000646000000, 0x0000000646400000|  0%| F|  |TAMS 0x0000000646000000, 0x0000000646000000| Untracked 
|  14|0x0000000646400000, 0x0000000646400000, 0x0000000646800000|  0%| F|  |TAMS 0x0000000646400000, 0x0000000646400000| Untracked 
|  15|0x0000000646800000, 0x0000000646800000, 0x0000000646c00000|  0%| F|  |TAMS 0x0000000646800000, 0x0000000646800000| Untracked 
|  16|0x0000000646c00000, 0x0000000646c00000, 0x0000000647000000|  0%| F|  |TAMS 0x0000000646c00000, 0x0000000646c00000| Untracked 
|  17|0x0000000647000000, 0x0000000647000000, 0x0000000647400000|  0%| F|  |TAMS 0x0000000647000000, 0x0000000647000000| Untracked 
|  18|0x0000000647400000, 0x0000000647400000, 0x0000000647800000|  0%| F|  |TAMS 0x0000000647400000, 0x0000000647400000| Untracked 
|  19|0x0000000647800000, 0x0000000647800000, 0x0000000647c00000|  0%| F|  |TAMS 0x0000000647800000, 0x0000000647800000| Untracked 
|  20|0x0000000647c00000, 0x0000000647c00000, 0x0000000648000000|  0%| F|  |TAMS 0x0000000647c00000, 0x0000000647c00000| Untracked 
|  21|0x0000000648000000, 0x0000000648000000, 0x0000000648400000|  0%| F|  |TAMS 0x0000000648000000, 0x0000000648000000| Untracked 
|  22|0x0000000648400000, 0x0000000648400000, 0x0000000648800000|  0%| F|  |TAMS 0x0000000648400000, 0x0000000648400000| Untracked 
|  23|0x0000000648800000, 0x0000000648800000, 0x0000000648c00000|  0%| F|  |TAMS 0x0000000648800000, 0x0000000648800000| Untracked 
|  24|0x0000000648c00000, 0x0000000648c00000, 0x0000000649000000|  0%| F|  |TAMS 0x0000000648c00000, 0x0000000648c00000| Untracked 
|  25|0x0000000649000000, 0x0000000649000000, 0x0000000649400000|  0%| F|  |TAMS 0x0000000649000000, 0x0000000649000000| Untracked 
|  26|0x0000000649400000, 0x0000000649400000, 0x0000000649800000|  0%| F|  |TAMS 0x0000000649400000, 0x0000000649400000| Untracked 
|  27|0x0000000649800000, 0x0000000649800000, 0x0000000649c00000|  0%| F|  |TAMS 0x0000000649800000, 0x0000000649800000| Untracked 
|  28|0x0000000649c00000, 0x0000000649c00000, 0x000000064a000000|  0%| F|  |TAMS 0x0000000649c00000, 0x0000000649c00000| Untracked 
|  29|0x000000064a000000, 0x000000064a000000, 0x000000064a400000|  0%| F|  |TAMS 0x000000064a000000, 0x000000064a000000| Untracked 
|  30|0x000000064a400000, 0x000000064a400000, 0x000000064a800000|  0%| F|  |TAMS 0x000000064a400000, 0x000000064a400000| Untracked 
|  31|0x000000064a800000, 0x000000064a800000, 0x000000064ac00000|  0%| F|  |TAMS 0x000000064a800000, 0x000000064a800000| Untracked 
|  32|0x000000064ac00000, 0x000000064ac00000, 0x000000064b000000|  0%| F|  |TAMS 0x000000064ac00000, 0x000000064ac00000| Untracked 
|  33|0x000000064b000000, 0x000000064b000000, 0x000000064b400000|  0%| F|  |TAMS 0x000000064b000000, 0x000000064b000000| Untracked 
|  34|0x000000064b400000, 0x000000064b400000, 0x000000064b800000|  0%| F|  |TAMS 0x000000064b400000, 0x000000064b400000| Untracked 
|  35|0x000000064b800000, 0x000000064b800000, 0x000000064bc00000|  0%| F|  |TAMS 0x000000064b800000, 0x000000064b800000| Untracked 
|  36|0x000000064bc00000, 0x000000064bc00000, 0x000000064c000000|  0%| F|  |TAMS 0x000000064bc00000, 0x000000064bc00000| Untracked 
|  37|0x000000064c000000, 0x000000064c000000, 0x000000064c400000|  0%| F|  |TAMS 0x000000064c000000, 0x000000064c000000| Untracked 
|  38|0x000000064c400000, 0x000000064c400000, 0x000000064c800000|  0%| F|  |TAMS 0x000000064c400000, 0x000000064c400000| Untracked 
|  39|0x000000064c800000, 0x000000064c800000, 0x000000064cc00000|  0%| F|  |TAMS 0x000000064c800000, 0x000000064c800000| Untracked 
|  40|0x000000064cc00000, 0x000000064cc00000, 0x000000064d000000|  0%| F|  |TAMS 0x000000064cc00000, 0x000000064cc00000| Untracked 
|  41|0x000000064d000000, 0x000000064d000000, 0x000000064d400000|  0%| F|  |TAMS 0x000000064d000000, 0x000000064d000000| Untracked 
|  42|0x000000064d400000, 0x000000064d400000, 0x000000064d800000|  0%| F|  |TAMS 0x000000064d400000, 0x000000064d400000| Untracked 
|  43|0x000000064d800000, 0x000000064d800000, 0x000000064dc00000|  0%| F|  |TAMS 0x000000064d800000, 0x000000064d800000| Untracked 
|  44|0x000000064dc00000, 0x000000064dc00000, 0x000000064e000000|  0%| F|  |TAMS 0x000000064dc00000, 0x000000064dc00000| Untracked 
|  45|0x000000064e000000, 0x000000064e000000, 0x000000064e400000|  0%| F|  |TAMS 0x000000064e000000, 0x000000064e000000| Untracked 
|  46|0x000000064e400000, 0x000000064e400000, 0x000000064e800000|  0%| F|  |TAMS 0x000000064e400000, 0x000000064e400000| Untracked 
|  47|0x000000064e800000, 0x000000064e800000, 0x000000064ec00000|  0%| F|  |TAMS 0x000000064e800000, 0x000000064e800000| Untracked 
|  48|0x000000064ec00000, 0x000000064ec00000, 0x000000064f000000|  0%| F|  |TAMS 0x000000064ec00000, 0x000000064ec00000| Untracked 
|  49|0x000000064f000000, 0x000000064f000000, 0x000000064f400000|  0%| F|  |TAMS 0x000000064f000000, 0x000000064f000000| Untracked 
|  50|0x000000064f400000, 0x000000064f400000, 0x000000064f800000|  0%| F|  |TAMS 0x000000064f400000, 0x000000064f400000| Untracked 
|  51|0x000000064f800000, 0x000000064f800000, 0x000000064fc00000|  0%| F|  |TAMS 0x000000064f800000, 0x000000064f800000| Untracked 
|  52|0x000000064fc00000, 0x000000064fc00000, 0x0000000650000000|  0%| F|  |TAMS 0x000000064fc00000, 0x000000064fc00000| Untracked 
|  53|0x0000000650000000, 0x0000000650000000, 0x0000000650400000|  0%| F|  |TAMS 0x0000000650000000, 0x0000000650000000| Untracked 
|  54|0x0000000650400000, 0x0000000650400000, 0x0000000650800000|  0%| F|  |TAMS 0x0000000650400000, 0x0000000650400000| Untracked 
|  55|0x0000000650800000, 0x0000000650800000, 0x0000000650c00000|  0%| F|  |TAMS 0x0000000650800000, 0x0000000650800000| Untracked 
|  56|0x0000000650c00000, 0x0000000650c00000, 0x0000000651000000|  0%| F|  |TAMS 0x0000000650c00000, 0x0000000650c00000| Untracked 
|  57|0x0000000651000000, 0x0000000651000000, 0x0000000651400000|  0%| F|  |TAMS 0x0000000651000000, 0x0000000651000000| Untracked 
|  58|0x0000000651400000, 0x0000000651400000, 0x0000000651800000|  0%| F|  |TAMS 0x0000000651400000, 0x0000000651400000| Untracked 
|  59|0x0000000651800000, 0x0000000651800000, 0x0000000651c00000|  0%| F|  |TAMS 0x0000000651800000, 0x0000000651800000| Untracked 
|  60|0x0000000651c00000, 0x0000000651c00000, 0x0000000652000000|  0%| F|  |TAMS 0x0000000651c00000, 0x0000000651c00000| Untracked 
|  61|0x0000000652000000, 0x0000000652000000, 0x0000000652400000|  0%| F|  |TAMS 0x0000000652000000, 0x0000000652000000| Untracked 
|  62|0x0000000652400000, 0x0000000652400000, 0x0000000652800000|  0%| F|  |TAMS 0x0000000652400000, 0x0000000652400000| Untracked 
|  63|0x0000000652800000, 0x0000000652800000, 0x0000000652c00000|  0%| F|  |TAMS 0x0000000652800000, 0x0000000652800000| Untracked 
|  64|0x0000000652c00000, 0x0000000652c00000, 0x0000000653000000|  0%| F|  |TAMS 0x0000000652c00000, 0x0000000652c00000| Untracked 
|  65|0x0000000653000000, 0x0000000653000000, 0x0000000653400000|  0%| F|  |TAMS 0x0000000653000000, 0x0000000653000000| Untracked 
|  66|0x0000000653400000, 0x0000000653400000, 0x0000000653800000|  0%| F|  |TAMS 0x0000000653400000, 0x0000000653400000| Untracked 
|  67|0x0000000653800000, 0x0000000653800000, 0x0000000653c00000|  0%| F|  |TAMS 0x0000000653800000, 0x0000000653800000| Untracked 
|  68|0x0000000653c00000, 0x0000000653c00000, 0x0000000654000000|  0%| F|  |TAMS 0x0000000653c00000, 0x0000000653c00000| Untracked 
|  69|0x0000000654000000, 0x0000000654000000, 0x0000000654400000|  0%| F|  |TAMS 0x0000000654000000, 0x0000000654000000| Untracked 
|  70|0x0000000654400000, 0x0000000654400000, 0x0000000654800000|  0%| F|  |TAMS 0x0000000654400000, 0x0000000654400000| Untracked 
|  71|0x0000000654800000, 0x0000000654800000, 0x0000000654c00000|  0%| F|  |TAMS 0x0000000654800000, 0x0000000654800000| Untracked 
|  72|0x0000000654c00000, 0x0000000654c00000, 0x0000000655000000|  0%| F|  |TAMS 0x0000000654c00000, 0x0000000654c00000| Untracked 
|  73|0x0000000655000000, 0x0000000655000000, 0x0000000655400000|  0%| F|  |TAMS 0x0000000655000000, 0x0000000655000000| Untracked 
|  74|0x0000000655400000, 0x0000000655400000, 0x0000000655800000|  0%| F|  |TAMS 0x0000000655400000, 0x0000000655400000| Untracked 
|  75|0x0000000655800000, 0x0000000655800000, 0x0000000655c00000|  0%| F|  |TAMS 0x0000000655800000, 0x0000000655800000| Untracked 
|  76|0x0000000655c00000, 0x0000000655c00000, 0x0000000656000000|  0%| F|  |TAMS 0x0000000655c00000, 0x0000000655c00000| Untracked 
|  77|0x0000000656000000, 0x0000000656400000, 0x0000000656400000|100%| E|  |TAMS 0x0000000656000000, 0x0000000656000000| Complete 
|  78|0x0000000656400000, 0x0000000656800000, 0x0000000656800000|100%| E|CS|TAMS 0x0000000656400000, 0x0000000656400000| Complete 
|  79|0x0000000656800000, 0x0000000656c00000, 0x0000000656c00000|100%| E|CS|TAMS 0x0000000656800000, 0x0000000656800000| Complete 
|  80|0x0000000656c00000, 0x0000000657000000, 0x0000000657000000|100%| E|CS|TAMS 0x0000000656c00000, 0x0000000656c00000| Complete 
|  81|0x0000000657000000, 0x0000000657400000, 0x0000000657400000|100%| E|CS|TAMS 0x0000000657000000, 0x0000000657000000| Complete 
|  82|0x0000000657400000, 0x0000000657800000, 0x0000000657800000|100%| E|CS|TAMS 0x0000000657400000, 0x0000000657400000| Complete 
|  83|0x0000000657800000, 0x0000000657c00000, 0x0000000657c00000|100%| E|CS|TAMS 0x0000000657800000, 0x0000000657800000| Complete 
|  84|0x0000000657c00000, 0x0000000658000000, 0x0000000658000000|100%| E|CS|TAMS 0x0000000657c00000, 0x0000000657c00000| Complete 
|  85|0x0000000658000000, 0x0000000658400000, 0x0000000658400000|100%| E|CS|TAMS 0x0000000658000000, 0x0000000658000000| Complete 
|  86|0x0000000658400000, 0x0000000658800000, 0x0000000658800000|100%| E|CS|TAMS 0x0000000658400000, 0x0000000658400000| Complete 
|  87|0x0000000658800000, 0x0000000658c00000, 0x0000000658c00000|100%| E|CS|TAMS 0x0000000658800000, 0x0000000658800000| Complete 
|  88|0x0000000658c00000, 0x0000000659000000, 0x0000000659000000|100%| E|CS|TAMS 0x0000000658c00000, 0x0000000658c00000| Complete 
|  89|0x0000000659000000, 0x0000000659400000, 0x0000000659400000|100%| E|CS|TAMS 0x0000000659000000, 0x0000000659000000| Complete 
|  90|0x0000000659400000, 0x0000000659800000, 0x0000000659800000|100%| E|CS|TAMS 0x0000000659400000, 0x0000000659400000| Complete 
|  91|0x0000000659800000, 0x0000000659c00000, 0x0000000659c00000|100%| E|CS|TAMS 0x0000000659800000, 0x0000000659800000| Complete 
|  92|0x0000000659c00000, 0x000000065a000000, 0x000000065a000000|100%| E|CS|TAMS 0x0000000659c00000, 0x0000000659c00000| Complete 
|  93|0x000000065a000000, 0x000000065a400000, 0x000000065a400000|100%| E|CS|TAMS 0x000000065a000000, 0x000000065a000000| Complete 
|  94|0x000000065a400000, 0x000000065a800000, 0x000000065a800000|100%| E|CS|TAMS 0x000000065a400000, 0x000000065a400000| Complete 
|  95|0x000000065a800000, 0x000000065ac00000, 0x000000065ac00000|100%| E|CS|TAMS 0x000000065a800000, 0x000000065a800000| Complete 
|  96|0x000000065ac00000, 0x000000065b000000, 0x000000065b000000|100%| E|CS|TAMS 0x000000065ac00000, 0x000000065ac00000| Complete 
|  97|0x000000065b000000, 0x000000065b400000, 0x000000065b400000|100%| E|CS|TAMS 0x000000065b000000, 0x000000065b000000| Complete 
|  98|0x000000065b400000, 0x000000065b800000, 0x000000065b800000|100%| E|CS|TAMS 0x000000065b400000, 0x000000065b400000| Complete 
|  99|0x000000065b800000, 0x000000065bc00000, 0x000000065bc00000|100%| E|CS|TAMS 0x000000065b800000, 0x000000065b800000| Complete 
| 100|0x000000065bc00000, 0x000000065c000000, 0x000000065c000000|100%| E|CS|TAMS 0x000000065bc00000, 0x000000065bc00000| Complete 
| 101|0x000000065c000000, 0x000000065c400000, 0x000000065c400000|100%| E|CS|TAMS 0x000000065c000000, 0x000000065c000000| Complete 
| 102|0x000000065c400000, 0x000000065c800000, 0x000000065c800000|100%| E|CS|TAMS 0x000000065c400000, 0x000000065c400000| Complete 
| 103|0x000000065c800000, 0x000000065cc00000, 0x000000065cc00000|100%| E|CS|TAMS 0x000000065c800000, 0x000000065c800000| Complete 
| 104|0x000000065cc00000, 0x000000065ce43ed0, 0x000000065d000000| 56%| S|CS|TAMS 0x000000065cc00000, 0x000000065cc00000| Complete 
| 105|0x000000065d000000, 0x000000065d400000, 0x000000065d400000|100%| E|CS|TAMS 0x000000065d000000, 0x000000065d000000| Complete 
| 106|0x000000065d400000, 0x000000065d800000, 0x000000065d800000|100%| E|CS|TAMS 0x000000065d400000, 0x000000065d400000| Complete 
| 107|0x000000065d800000, 0x000000065dc00000, 0x000000065dc00000|100%| E|CS|TAMS 0x000000065d800000, 0x000000065d800000| Complete 
| 108|0x000000065dc00000, 0x000000065e000000, 0x000000065e000000|100%| E|CS|TAMS 0x000000065dc00000, 0x000000065dc00000| Complete 
| 109|0x000000065e000000, 0x000000065e400000, 0x000000065e400000|100%| E|CS|TAMS 0x000000065e000000, 0x000000065e000000| Complete 
| 110|0x000000065e400000, 0x000000065e800000, 0x000000065e800000|100%| E|CS|TAMS 0x000000065e400000, 0x000000065e400000| Complete 
| 111|0x000000065e800000, 0x000000065ec00000, 0x000000065ec00000|100%| E|CS|TAMS 0x000000065e800000, 0x000000065e800000| Complete 

Card table byte_map: [0x000001cc63ab0000,0x000001cc648a0000] _byte_map_base: 0x000001cc6089a000

Marking Bits (Prev, Next): (CMBitMap*) 0x000001cc4b9ddac0, (CMBitMap*) 0x000001cc4b9ddb00
 Prev Bits: [0x000001cc65690000, 0x000001cc6c5e0000)
 Next Bits: [0x000001cc6c5e0000, 0x000001cc73530000)

Polling page: 0x000001cc4b110000

Metaspace:

Usage:
  Non-class:     16.97 MB used.
      Class:      2.13 MB used.
       Both:     19.09 MB used.

Virtual space:
  Non-class space:       24.00 MB reserved,      17.13 MB ( 71%) committed,  3 nodes.
      Class space:        1.00 GB reserved,       2.25 MB ( <1%) committed,  1 nodes.
             Both:        1.02 GB reserved,      19.38 MB (  2%) committed. 

Chunk freelists:
   Non-Class:  2.91 MB
       Class:  1.79 MB
        Both:  4.70 MB

MaxMetaspaceSize: unlimited
CompressedClassSpaceSize: 1.00 GB
Initial GC threshold: 21.00 MB
Current GC threshold: 21.00 MB
CDS: on
MetaspaceReclaimPolicy: balanced
 - commit_granule_bytes: 65536.
 - commit_granule_words: 8192.
 - virtual_space_node_default_size: 1048576.
 - enlarge_chunks_in_place: 1.
 - new_chunks_are_fully_committed: 0.
 - uncommit_free_chunks: 1.
 - use_allocation_guard: 0.
 - handle_deallocations: 1.


Internal statistics:

num_allocs_failed_limit: 0.
num_arena_births: 196.
num_arena_deaths: 0.
num_vsnodes_births: 4.
num_vsnodes_deaths: 0.
num_space_committed: 310.
num_space_uncommitted: 0.
num_chunks_returned_to_freelist: 0.
num_chunks_taken_from_freelist: 688.
num_chunk_merges: 0.
num_chunk_splits: 488.
num_chunks_enlarged: 376.
num_purges: 0.
num_inconsistent_stats: 0.

CodeHeap 'non-profiled nmethods': size=119168Kb used=1926Kb max_used=1926Kb free=117242Kb
 bounds [0x000001cc5afe0000, 0x000001cc5b250000, 0x000001cc62440000]
CodeHeap 'profiled nmethods': size=119104Kb used=7277Kb max_used=7277Kb free=111826Kb
 bounds [0x000001cc53b90000, 0x000001cc542b0000, 0x000001cc5afe0000]
CodeHeap 'non-nmethods': size=7488Kb used=1336Kb max_used=3125Kb free=6151Kb
 bounds [0x000001cc53440000, 0x000001cc53760000, 0x000001cc53b90000]
 total_blobs=3810 nmethods=3227 adapters=495
 compilation: enabled
              stopped_count=0, restarted_count=0
 full_count=0

Compilation events (20 events):
Event: 3196.605 Thread 0x000001cc77014430 3218       3       jdk.internal.net.http.Http1Request::lambda$collectHeaders0$1 (9 bytes)
Event: 3196.606 Thread 0x000001cc77014430 nmethod 3218 0x000001cc542a2b90 code [0x000001cc542a2de0, 0x000001cc542a3838]
Event: 3196.606 Thread 0x000001cc77014430 3219       3       java.util.Optional::isEmpty (13 bytes)
Event: 3196.606 Thread 0x000001cc77014430 nmethod 3219 0x000001cc542a3c10 code [0x000001cc542a3da0, 0x000001cc542a3f18]
Event: 3196.606 Thread 0x000001cc77014430 3220       3       jdk.internal.net.http.Http1AsyncReceiver$$Lambda$159/0x0000000800dca220::run (8 bytes)
Event: 3196.606 Thread 0x000001cc77014430 nmethod 3220 0x000001cc542a3f90 code [0x000001cc542a4140, 0x000001cc542a4288]
Event: 3196.606 Thread 0x000001cc77014430 3222   !   3       jdk.internal.net.http.Http1AsyncReceiver::handlePendingDelegate (160 bytes)
Event: 3196.607 Thread 0x000001cc77014430 nmethod 3222 0x000001cc542a4390 code [0x000001cc542a4820, 0x000001cc542a6f78]
Event: 3196.607 Thread 0x000001cc77014430 3223       3       jdk.internal.net.http.Http1AsyncReceiver::checkForErrors (157 bytes)
Event: 3196.608 Thread 0x000001cc77014430 nmethod 3223 0x000001cc542a7e10 code [0x000001cc542a8100, 0x000001cc542a9578]
Event: 3289.453 Thread 0x000001cc77013a80 3225       4       jdk.internal.misc.Unsafe::allocateUninitializedArray (55 bytes)
Event: 3289.453 Thread 0x000001cc77014430 3226       3       java.util.concurrent.CompletableFuture$UniWhenComplete::tryFire (82 bytes)
Event: 3289.454 Thread 0x000001cc77014430 nmethod 3226 0x000001cc542a9c10 code [0x000001cc542a9de0, 0x000001cc542aa218]
Event: 3289.454 Thread 0x000001cc77014430 3227       3       sun.nio.ch.SelectionKeyImpl::channel (8 bytes)
Event: 3289.454 Thread 0x000001cc77014430 nmethod 3227 0x000001cc542aa390 code [0x000001cc542aa520, 0x000001cc542aa738]
Event: 3289.454 Thread 0x000001cc77013a80 nmethod 3225 0x000001cc5b1c1090 code [0x000001cc5b1c1220, 0x000001cc5b1c13d8]
Event: 3312.020 Thread 0x000001cc77014430 3228       3       java.util.HashMap$KeySpliterator::forEachRemaining (186 bytes)
Event: 3312.021 Thread 0x000001cc77014430 nmethod 3228 0x000001cc542aa810 code [0x000001cc542aaa20, 0x000001cc542ab2c8]
Event: 3370.382 Thread 0x000001cc77013a80 3229       4       org.eclipse.jdt.launching.internal.org.objectweb.asm.ClassWriter::visitEnd (1 bytes)
Event: 3370.382 Thread 0x000001cc77013a80 nmethod 3229 0x000001cc5b1c1510 code [0x000001cc5b1c1680, 0x000001cc5b1c16f8]

GC Heap History (4 events):
Event: 0.399 GC heap before
{Heap before GC invocations=0 (full 0):
 garbage-first heap   total 458752K, used 20480K [0x0000000642c00000, 0x0000000800000000)
  region size 4096K, 5 young (20480K), 0 survivors (0K)
 Metaspace       used 3747K, committed 3904K, reserved 1056768K
  class space    used 338K, committed 384K, reserved 1048576K
}
Event: 0.401 GC heap after
{Heap after GC invocations=1 (full 0):
 garbage-first heap   total 458752K, used 3810K [0x0000000642c00000, 0x0000000800000000)
  region size 4096K, 1 young (4096K), 1 survivors (4096K)
 Metaspace       used 3747K, committed 3904K, reserved 1056768K
  class space    used 338K, committed 384K, reserved 1048576K
}
Event: 0.670 GC heap before
{Heap before GC invocations=1 (full 0):
 garbage-first heap   total 458752K, used 28386K [0x0000000642c00000, 0x0000000800000000)
  region size 4096K, 7 young (28672K), 1 survivors (4096K)
 Metaspace       used 7841K, committed 8064K, reserved 1056768K
  class space    used 861K, committed 960K, reserved 1048576K
}
Event: 0.673 GC heap after
{Heap after GC invocations=2 (full 0):
 garbage-first heap   total 458752K, used 5815K [0x0000000642c00000, 0x0000000800000000)
  region size 4096K, 1 young (4096K), 1 survivors (4096K)
 Metaspace       used 7841K, committed 8064K, reserved 1056768K
  class space    used 861K, committed 960K, reserved 1048576K
}

Deoptimization events (20 events):
Event: 1503.303 Thread 0x000001cc78536720 DEOPT PACKING pc=0x000001cc5b1b7740 sp=0x0000002c091fdb30
Event: 1503.303 Thread 0x000001cc78536720 DEOPT UNPACKING pc=0x000001cc534923a3 sp=0x0000002c091fdab8 mode 2
Event: 1606.315 Thread 0x000001cc78536720 Uncommon trap: trap_request=0xffffffd6 fr.pc=0x000001cc5b1be17c relative=0x000000000000015c
Event: 1606.315 Thread 0x000001cc78536720 Uncommon trap: reason=array_check action=maybe_recompile pc=0x000001cc5b1be17c method=org.eclipse.emf.common.util.BasicEList.assign(ILjava/lang/Object;)Ljava/lang/Object; @ 6 c2
Event: 1606.315 Thread 0x000001cc78536720 DEOPT PACKING pc=0x000001cc5b1be17c sp=0x0000002c091fdcb0
Event: 1606.315 Thread 0x000001cc78536720 DEOPT UNPACKING pc=0x000001cc534923a3 sp=0x0000002c091fdc70 mode 2
Event: 1606.315 Thread 0x000001cc78536720 Uncommon trap: trap_request=0xffffffd6 fr.pc=0x000001cc5b1be17c relative=0x000000000000015c
Event: 1606.315 Thread 0x000001cc78536720 Uncommon trap: reason=array_check action=maybe_recompile pc=0x000001cc5b1be17c method=org.eclipse.emf.common.util.BasicEList.assign(ILjava/lang/Object;)Ljava/lang/Object; @ 6 c2
Event: 1606.315 Thread 0x000001cc78536720 DEOPT PACKING pc=0x000001cc5b1be17c sp=0x0000002c091fdcb0
Event: 1606.315 Thread 0x000001cc78536720 DEOPT UNPACKING pc=0x000001cc534923a3 sp=0x0000002c091fdc70 mode 2
Event: 1606.315 Thread 0x000001cc78536720 Uncommon trap: trap_request=0xffffffd6 fr.pc=0x000001cc5b1be17c relative=0x000000000000015c
Event: 1606.315 Thread 0x000001cc78536720 Uncommon trap: reason=array_check action=maybe_recompile pc=0x000001cc5b1be17c method=org.eclipse.emf.common.util.BasicEList.assign(ILjava/lang/Object;)Ljava/lang/Object; @ 6 c2
Event: 1606.315 Thread 0x000001cc78536720 DEOPT PACKING pc=0x000001cc5b1be17c sp=0x0000002c091fdcb0
Event: 1606.315 Thread 0x000001cc78536720 DEOPT UNPACKING pc=0x000001cc534923a3 sp=0x0000002c091fdc70 mode 2
Event: 1606.315 Thread 0x000001cc78536720 Uncommon trap: trap_request=0xffffffd6 fr.pc=0x000001cc5b1be17c relative=0x000000000000015c
Event: 1606.315 Thread 0x000001cc78536720 Uncommon trap: reason=array_check action=maybe_recompile pc=0x000001cc5b1be17c method=org.eclipse.emf.common.util.BasicEList.assign(ILjava/lang/Object;)Ljava/lang/Object; @ 6 c2
Event: 1606.315 Thread 0x000001cc78536720 DEOPT PACKING pc=0x000001cc5b1be17c sp=0x0000002c091fdcb0
Event: 1606.315 Thread 0x000001cc78536720 DEOPT UNPACKING pc=0x000001cc534923a3 sp=0x0000002c091fdc70 mode 2
Event: 3068.142 Thread 0x000001cc7a0363f0 DEOPT PACKING pc=0x000001cc5410cf2a sp=0x0000002c061ff470
Event: 3068.142 Thread 0x000001cc7a0363f0 DEOPT UNPACKING pc=0x000001cc53492b43 sp=0x0000002c061fe920 mode 3

Classes unloaded (0 events):
No events

Classes redefined (20 events):
Event: 3370.399 Thread 0x000001cc75f3e580 redefined class name=tools.vitruv.framework.remote.common.deserializer.IdTranformer, count=1
Event: 3370.399 Thread 0x000001cc75f3e580 redefined class name=tools.vitruv.framework.remote.common.util.JsonMapper, count=1
Event: 3370.399 Thread 0x000001cc75f3e580 redefined class name=tools.vitruv.framework.remote.common.util.Mapper, count=1
Event: 3370.399 Thread 0x000001cc75f3e580 redefined class name=tools.vitruv.framework.remote.client.impl.VitruvRemoteConnection, count=1
Event: 3370.399 Thread 0x000001cc75f3e580 redefined class name=tools.vitruv.framework.remote.client.VitruvClient, count=2
Event: 3370.399 Thread 0x000001cc75f3e580 redefined class name=tools.vitruv.framework.remote.common.util.ResourceUtil, count=1
Event: 3370.399 Thread 0x000001cc75f3e580 redefined class name=tools.vitruv.framework.remote.client.VitruvClientFactory, count=2
Event: 3370.399 Thread 0x000001cc75f3e580 redefined class name=tools.vitruv.framework.remote.client.impl.RemoteViewType, count=1
Event: 3370.399 Thread 0x000001cc75f3e580 redefined class name=tools.vitruv.framework.remote.common.util.HttpExchangeWrapper, count=1
Event: 3370.399 Thread 0x000001cc75f3e580 redefined class name=tools.vitruv.framework.remote.common.util.IdTransformation, count=1
Event: 3370.399 Thread 0x000001cc75f3e580 redefined class name=tools.vitruv.framework.remote.common.deserializer.VitruviusChangeDeserializer, count=1
Event: 3370.399 Thread 0x000001cc75f3e580 redefined class name=tools.vitruv.framework.remote.common.deserializer.ReferenceDeserializerModifier, count=1
Event: 3370.399 Thread 0x000001cc75f3e580 redefined class name=tools.vitruv.framework.remote.common.serializer.ReferenceSerializerModifier, count=1
Event: 3370.399 Thread 0x000001cc75f3e580 redefined class name=tools.vitruv.framework.remote.common.deserializer.ResourceSetDeserializer, count=1
Event: 3370.399 Thread 0x000001cc75f3e580 redefined class name=tools.vitruv.framework.remote.client.impl.RemoteView$1, count=1
Event: 3370.399 Thread 0x000001cc75f3e580 redefined class name=tools.vitruv.framework.remote.client.impl.RemoteView, count=1
Event: 3370.399 Thread 0x000001cc75f3e580 redefined class name=tools.vitruv.framework.remote.client.impl.RemoteViewSelector, count=1
Event: 3370.399 Thread 0x000001cc75f3e580 redefined class name=tools.vitruv.framework.remote.common.serializer.VitruviusChangeSerializer, count=1
Event: 3370.399 Thread 0x000001cc75f3e580 redefined class name=tools.vitruv.framework.remote.client.HasRemoteUuid, count=1
Event: 3370.400 Thread 0x000001cc75f3e580 redefined class name=tools.vitruv.framework.remote.common.serializer.ResourceSetSerializer, count=1

Internal exceptions (20 events):
Event: 0.635 Thread 0x000001cc4b941bf0 Exception <a 'java/lang/NoSuchMethodError'{0x000000065d19f8b8}: 'void java.lang.invoke.DirectMethodHandle$Holder.invokeStatic(java.lang.Object, java.lang.Object)'> (0x000000065d19f8b8) 
thrown [s\src\hotspot\share\interpreter\linkResolver.cpp, line 759]
Event: 0.636 Thread 0x000001cc4b941bf0 Exception <a 'java/lang/NoSuchMethodError'{0x000000065d1a30b8}: 'void java.lang.invoke.DirectMethodHandle$Holder.invokeStaticInit(java.lang.Object, java.lang.Object)'> (0x000000065d1a30b8) 
thrown [s\src\hotspot\share\interpreter\linkResolver.cpp, line 759]
Event: 0.702 Thread 0x000001cc4b941bf0 Exception <a 'java/lang/NoSuchMethodError'{0x000000065e362a80}: 'java.lang.Object java.lang.invoke.DirectMethodHandle$Holder.invokeStaticInit(java.lang.Object, int, int, int, int)'> (0x000000065e362a80) 
thrown [s\src\hotspot\share\interpreter\linkResolver.cpp, line 759]
Event: 0.742 Thread 0x000001cc4b941bf0 Exception <a 'java/lang/NoSuchMethodError'{0x000000065dc492a8}: 'java.lang.Object java.lang.invoke.DirectMethodHandle$Holder.invokeStaticInit(java.lang.Object, java.lang.Object, int, int, int, int)'> (0x000000065dc492a8) 
thrown [s\src\hotspot\share\interpreter\linkResolver.cpp, line 759]
Event: 0.839 Thread 0x000001cc4b941bf0 Implicit null exception at 0x000001cc5b05fa4a to 0x000001cc5b05fb20
Event: 1.024 Thread 0x000001cc4b941bf0 Exception <a 'sun/nio/fs/WindowsException'{0x000000065b34daa0}> (0x000000065b34daa0) 
thrown [s\src\hotspot\share\prims\jni.cpp, line 516]
Event: 1.024 Thread 0x000001cc4b941bf0 Exception <a 'sun/nio/fs/WindowsException'{0x000000065b34ddf0}> (0x000000065b34ddf0) 
thrown [s\src\hotspot\share\prims\jni.cpp, line 516]
Event: 1.035 Thread 0x000001cc4b941bf0 Exception <a 'java/lang/NoSuchMethodError'{0x000000065ac8cd38}: 'java.lang.Object java.lang.invoke.DirectMethodHandle$Holder.invokeStaticInit(java.lang.Object, java.lang.Object, java.lang.Object)'> (0x000000065ac8cd38) 
thrown [s\src\hotspot\share\interpreter\linkResolver.cpp, line 759]
Event: 1.073 Thread 0x000001cc4b941bf0 Exception <a 'java/lang/NoSuchMethodError'{0x000000065af89a48}: 'void java.lang.invoke.DirectMethodHandle$Holder.invokeStatic(java.lang.Object, java.lang.Object, java.lang.Object)'> (0x000000065af89a48) 
thrown [s\src\hotspot\share\interpreter\linkResolver.cpp, line 759]
Event: 877.803 Thread 0x000001cc78536720 Exception <a 'java/lang/NoSuchMethodError'{0x000000065a415a60}: 'void java.lang.invoke.DirectMethodHandle$Holder.invokeStatic(java.lang.Object, java.lang.Object, java.lang.Object, java.lang.Object)'> (0x000000065a415a60) 
thrown [s\src\hotspot\share\interpreter\linkResolver.cpp, line 759]
Event: 877.837 Thread 0x000001cc78536720 Exception <a 'java/lang/NoSuchMethodError'{0x000000065a795d20}: 'java.lang.Object java.lang.invoke.DirectMethodHandle$Holder.newInvokeSpecial(java.lang.Object, java.lang.Object, java.lang.Object, java.lang.Object, java.lang.Object)'> (0x000000065a795d20) 
thrown [s\src\hotspot\share\interpreter\linkResolver.cpp, line 759]
Event: 877.860 Thread 0x000001cc78536720 Exception <a 'java/lang/NoSuchMethodError'{0x000000065a239b30}: 'java.lang.Object java.lang.invoke.DirectMethodHandle$Holder.invokeSpecial(java.lang.Object, java.lang.Object, java.lang.Object, java.lang.Object, int)'> (0x000000065a239b30) 
thrown [s\src\hotspot\share\interpreter\linkResolver.cpp, line 759]
Event: 877.860 Thread 0x000001cc78536720 Exception <a 'java/lang/NoSuchMethodError'{0x000000065a23d6f8}: 'java.lang.Object java.lang.invoke.Invokers$Holder.linkToTargetMethod(java.lang.Object, java.lang.Object, int, java.lang.Object)'> (0x000000065a23d6f8) 
thrown [s\src\hotspot\share\interpreter\linkResolver.cpp, line 759]
Event: 877.875 Thread 0x000001cc78536720 Exception <a 'java/lang/NoSuchMethodError'{0x000000065a389860}: 'void java.lang.invoke.DirectMethodHandle$Holder.invokeSpecial(java.lang.Object, java.lang.Object, java.lang.Object)'> (0x000000065a389860) 
thrown [s\src\hotspot\share\interpreter\linkResolver.cpp, line 759]
Event: 877.895 Thread 0x000001cc78536720 Exception <a 'java/lang/NoSuchMethodError'{0x0000000659cb0378}: 'void java.lang.invoke.DirectMethodHandle$Holder.invokeSpecial(java.lang.Object, java.lang.Object, java.lang.Object, java.lang.Object, java.lang.Object)'> (0x0000000659cb0378) 
thrown [s\src\hotspot\share\interpreter\linkResolver.cpp, line 759]
Event: 877.905 Thread 0x000001cc7880db30 Exception <a 'java/lang/NoSuchMethodError'{0x000000065d83ba38}: 'void java.lang.invoke.DirectMethodHandle$Holder.invokeStatic(java.lang.Object, java.lang.Object, int)'> (0x000000065d83ba38) 
thrown [s\src\hotspot\share\interpreter\linkResolver.cpp, line 759]
Event: 877.932 Thread 0x000001cc783b30f0 Exception <a 'java/lang/NoSuchMethodError'{0x00000006598f85b0}: 'void java.lang.invoke.DirectMethodHandle$Holder.invokeSpecial(java.lang.Object, java.lang.Object, java.lang.Object, java.lang.Object, java.lang.Object, java.lang.Object, java.lang.Object)'> (0x00000006598f85b0) 
thrown [s\src\hotspot\share\interpreter\linkResolver.cpp, line 759]
Event: 878.016 Thread 0x000001cc78536720 Implicit null exception at 0x000001cc5b02df70 to 0x000001cc5b02e1e0
Event: 931.356 Thread 0x000001cc78536720 Implicit null exception at 0x000001cc5b02d2f0 to 0x000001cc5b02d594
Event: 946.245 Thread 0x000001cc7880db30 Exception <a 'sun/net/ConnectionResetException'{0x000000065d88d120}: Connection reset> (0x000000065d88d120) 
thrown [s\src\hotspot\share\prims\jni.cpp, line 535]

VM Operations (20 events):
Event: 3194.460 Executing VM operation: get/set locals
Event: 3194.460 Executing VM operation: get/set locals done
Event: 3194.460 Executing VM operation: get/set locals
Event: 3194.461 Executing VM operation: get/set locals done
Event: 3194.461 Executing VM operation: get/set locals
Event: 3194.461 Executing VM operation: get/set locals done
Event: 3194.461 Executing VM operation: get/set locals
Event: 3194.461 Executing VM operation: get/set locals done
Event: 3194.462 Executing VM operation: get/set locals
Event: 3194.462 Executing VM operation: get/set locals done
Event: 3194.462 Executing VM operation: get/set locals
Event: 3194.462 Executing VM operation: get/set locals done
Event: 3290.246 Executing VM operation: Cleanup
Event: 3290.247 Executing VM operation: Cleanup done
Event: 3329.265 Executing VM operation: RedefineClasses
Event: 3329.276 Executing VM operation: RedefineClasses done
Event: 3370.391 Executing VM operation: RedefineClasses
Event: 3370.412 Executing VM operation: RedefineClasses done
Event: 3370.421 Executing VM operation: ChangeBreakpoints
Event: 3370.423 Executing VM operation: ChangeBreakpoints done

Events (20 events):
Event: 2939.127 Thread 0x000001cc7a0363f0 Thread added: 0x000001cc7a0363f0
Event: 2939.128 Thread 0x000001cc7a0338a0 Thread added: 0x000001cc7a0338a0
Event: 3008.135 Thread 0x000001cc7a035a50 Thread added: 0x000001cc7a035a50
Event: 3068.142 Thread 0x000001cc7a035a50 Thread exited: 0x000001cc7a035a50
Event: 3068.142 Thread 0x000001cc7a0363f0 Thread exited: 0x000001cc7a0363f0
Event: 3068.142 Thread 0x000001cc7a0338a0 Thread exited: 0x000001cc7a0338a0
Event: 3131.868 Thread 0x000001cc7a0385a0 Thread added: 0x000001cc7a0385a0
Event: 3131.869 Thread 0x000001cc7a035a50 Thread added: 0x000001cc7a035a50
Event: 3191.882 Thread 0x000001cc7a035a50 Thread exited: 0x000001cc7a035a50
Event: 3191.882 Thread 0x000001cc7a0385a0 Thread exited: 0x000001cc7a0385a0
Event: 3196.603 Thread 0x000001cc7a037730 Thread added: 0x000001cc7a037730
Event: 3196.604 Thread 0x000001cc7a034be0 Thread added: 0x000001cc7a034be0
Event: 3196.604 Thread 0x000001cc7a037c00 Thread added: 0x000001cc7a037c00
Event: 3256.607 Thread 0x000001cc7a034be0 Thread exited: 0x000001cc7a034be0
Event: 3256.607 Thread 0x000001cc7a037c00 Thread exited: 0x000001cc7a037c00
Event: 3256.607 Thread 0x000001cc7a037730 Thread exited: 0x000001cc7a037730
Event: 3289.452 Thread 0x000001cc7a035a50 Thread added: 0x000001cc7a035a50
Event: 3289.453 Thread 0x000001cc7a035f20 Thread added: 0x000001cc7a035f20
Event: 3349.464 Thread 0x000001cc7a035f20 Thread exited: 0x000001cc7a035f20
Event: 3349.464 Thread 0x000001cc7a035a50 Thread exited: 0x000001cc7a035a50


Dynamic libraries:
0x00007ff63ced0000 - 0x00007ff63cedd000 	C:\Program Files\Amazon Corretto\jdk17.0.4_9\bin\javaw.exe
0x00007ffbf30f0000 - 0x00007ffbf3307000 	C:\WINDOWS\SYSTEM32\ntdll.dll
0x00007ffbf0e60000 - 0x00007ffbf0f24000 	C:\WINDOWS\System32\KERNEL32.DLL
0x00007ffbf0960000 - 0x00007ffbf0d06000 	C:\WINDOWS\System32\KERNELBASE.dll
0x00007ffbf0460000 - 0x00007ffbf0571000 	C:\WINDOWS\System32\ucrtbase.dll
0x00007ffbcd220000 - 0x00007ffbcd238000 	C:\Program Files\Amazon Corretto\jdk17.0.4_9\bin\jli.dll
0x00007ffbc8ac0000 - 0x00007ffbc8ad5000 	C:\Program Files\Amazon Corretto\jdk17.0.4_9\bin\VCRUNTIME140.dll
0x00007ffbf2a30000 - 0x00007ffbf2bde000 	C:\WINDOWS\System32\USER32.dll
0x00007ffbf0430000 - 0x00007ffbf0456000 	C:\WINDOWS\System32\win32u.dll
0x00007ffbcf570000 - 0x00007ffbcf803000 	C:\WINDOWS\WinSxS\amd64_microsoft.windows.common-controls_6595b64144ccf1df_6.0.22621.2506_none_270c5ae97388e100\COMCTL32.dll
0x00007ffbf1c50000 - 0x00007ffbf1cf7000 	C:\WINDOWS\System32\msvcrt.dll
0x00007ffbf1700000 - 0x00007ffbf1729000 	C:\WINDOWS\System32\GDI32.dll
0x00007ffbf0600000 - 0x00007ffbf0718000 	C:\WINDOWS\System32\gdi32full.dll
0x00007ffbf0890000 - 0x00007ffbf092a000 	C:\WINDOWS\System32\msvcp_win.dll
0x00007ffbf2ee0000 - 0x00007ffbf2f11000 	C:\WINDOWS\System32\IMM32.DLL
0x00007ffbb36f0000 - 0x00007ffbb378b000 	C:\Program Files\Amazon Corretto\jdk17.0.4_9\bin\msvcp140.dll
0x00007ffb71b80000 - 0x00007ffb72794000 	C:\Program Files\Amazon Corretto\jdk17.0.4_9\bin\server\jvm.dll
0x00007ffbf2f80000 - 0x00007ffbf3033000 	C:\WINDOWS\System32\ADVAPI32.dll
0x00007ffbf2d80000 - 0x00007ffbf2e28000 	C:\WINDOWS\System32\sechost.dll
0x00007ffbf0930000 - 0x00007ffbf0958000 	C:\WINDOWS\System32\bcrypt.dll
0x00007ffbf2900000 - 0x00007ffbf2a17000 	C:\WINDOWS\System32\RPCRT4.dll
0x00007ffbf1c30000 - 0x00007ffbf1c38000 	C:\WINDOWS\System32\PSAPI.DLL
0x00007ffbeb030000 - 0x00007ffbeb039000 	C:\WINDOWS\SYSTEM32\WSOCK32.dll
0x00007ffbe79e0000 - 0x00007ffbe79ea000 	C:\WINDOWS\SYSTEM32\VERSION.dll
0x00007ffbe9e10000 - 0x00007ffbe9e44000 	C:\WINDOWS\SYSTEM32\WINMM.dll
0x00007ffbf1680000 - 0x00007ffbf16f1000 	C:\WINDOWS\System32\WS2_32.dll
0x00007ffbef510000 - 0x00007ffbef528000 	C:\WINDOWS\SYSTEM32\kernel.appcore.dll
0x00007ffbe6350000 - 0x00007ffbe635a000 	C:\Program Files\Amazon Corretto\jdk17.0.4_9\bin\jimage.dll
0x00007ffbeda60000 - 0x00007ffbedc93000 	C:\WINDOWS\SYSTEM32\DBGHELP.DLL
0x00007ffbf18a0000 - 0x00007ffbf1c29000 	C:\WINDOWS\System32\combase.dll
0x00007ffbf1d00000 - 0x00007ffbf1dd7000 	C:\WINDOWS\System32\OLEAUT32.dll
0x00007ffbc8980000 - 0x00007ffbc89b2000 	C:\WINDOWS\SYSTEM32\dbgcore.DLL
0x00007ffbf0580000 - 0x00007ffbf05fa000 	C:\WINDOWS\System32\bcryptPrimitives.dll
0x00007ffbdf2d0000 - 0x00007ffbdf309000 	C:\Program Files\Amazon Corretto\jdk17.0.4_9\bin\jdwp.dll
0x00007ffbe62c0000 - 0x00007ffbe62ce000 	C:\Program Files\Amazon Corretto\jdk17.0.4_9\bin\instrument.dll
0x00007ffbe0560000 - 0x00007ffbe0585000 	C:\Program Files\Amazon Corretto\jdk17.0.4_9\bin\java.dll
0x00007ffbbd380000 - 0x00007ffbbd456000 	C:\Program Files\Amazon Corretto\jdk17.0.4_9\bin\jsvml.dll
0x00007ffbf20a0000 - 0x00007ffbf28fa000 	C:\WINDOWS\System32\SHELL32.dll
0x00007ffbee260000 - 0x00007ffbeeb56000 	C:\WINDOWS\SYSTEM32\windows.storage.dll
0x00007ffbee120000 - 0x00007ffbee25e000 	C:\WINDOWS\SYSTEM32\wintypes.dll
0x00007ffbf1580000 - 0x00007ffbf1673000 	C:\WINDOWS\System32\SHCORE.dll
0x00007ffbf2f20000 - 0x00007ffbf2f7e000 	C:\WINDOWS\System32\shlwapi.dll
0x00007ffbf0360000 - 0x00007ffbf0386000 	C:\WINDOWS\SYSTEM32\profapi.dll
0x00007ffbe6060000 - 0x00007ffbe606c000 	C:\Program Files\Amazon Corretto\jdk17.0.4_9\bin\dt_socket.dll
0x00007ffbeecb0000 - 0x00007ffbeecdd000 	C:\WINDOWS\SYSTEM32\IPHLPAPI.DLL
0x00007ffbef980000 - 0x00007ffbef9e9000 	C:\WINDOWS\system32\mswsock.dll
0x00007ffbeece0000 - 0x00007ffbeedd9000 	C:\WINDOWS\SYSTEM32\DNSAPI.dll
0x00007ffbf1c40000 - 0x00007ffbf1c49000 	C:\WINDOWS\System32\NSI.dll
0x00007ffbea9e0000 - 0x00007ffbea9ea000 	C:\Windows\System32\rasadhlp.dll
0x00007ffbeb7a0000 - 0x00007ffbeb823000 	C:\WINDOWS\System32\fwpuclnt.dll
0x00007ffbd7810000 - 0x00007ffbd7828000 	C:\Program Files\Amazon Corretto\jdk17.0.4_9\bin\zip.dll
0x00007ffbdf450000 - 0x00007ffbdf469000 	C:\Program Files\Amazon Corretto\jdk17.0.4_9\bin\net.dll
0x00007ffbeb9b0000 - 0x00007ffbebae7000 	C:\WINDOWS\SYSTEM32\WINHTTP.dll
0x00007ffbdf060000 - 0x00007ffbdf075000 	C:\Program Files\Amazon Corretto\jdk17.0.4_9\bin\nio.dll
0x00007ffbe6a40000 - 0x00007ffbe6a50000 	C:\Program Files\Amazon Corretto\jdk17.0.4_9\bin\verify.dll
0x00007ffbdc920000 - 0x00007ffbdc92e000 	C:\Program Files\Amazon Corretto\jdk17.0.4_9\bin\sunmscapi.dll
0x00007ffbf0720000 - 0x00007ffbf0886000 	C:\WINDOWS\System32\CRYPT32.dll
0x00007ffbefd80000 - 0x00007ffbefdae000 	C:\WINDOWS\SYSTEM32\ncrypt.dll
0x00007ffbefd40000 - 0x00007ffbefd77000 	C:\WINDOWS\SYSTEM32\NTASN1.dll
0x00007ffbefc70000 - 0x00007ffbefc8b000 	C:\WINDOWS\SYSTEM32\CRYPTSP.dll
0x00007ffbef470000 - 0x00007ffbef4a5000 	C:\WINDOWS\system32\rsaenh.dll
0x00007ffbefa20000 - 0x00007ffbefa4c000 	C:\WINDOWS\SYSTEM32\USERENV.dll
0x00007ffbefc50000 - 0x00007ffbefc5c000 	C:\WINDOWS\SYSTEM32\CRYPTBASE.dll
0x00007ffbeb670000 - 0x00007ffbeb689000 	C:\WINDOWS\SYSTEM32\dhcpcsvc6.DLL
0x00007ffbeb650000 - 0x00007ffbeb66f000 	C:\WINDOWS\SYSTEM32\dhcpcsvc.DLL
0x00007ffbded50000 - 0x00007ffbded58000 	C:\WINDOWS\system32\wshunix.dll

dbghelp: loaded successfully - version: 4.0.5 - missing functions: none
symbol engine: initialized successfully - sym options: 0x614 - pdb path: .;C:\Program Files\Amazon Corretto\jdk17.0.4_9\bin;C:\WINDOWS\SYSTEM32;C:\WINDOWS\WinSxS\amd64_microsoft.windows.common-controls_6595b64144ccf1df_6.0.22621.2506_none_270c5ae97388e100;C:\Program Files\Amazon Corretto\jdk17.0.4_9\bin\server

VM Arguments:
jvm_args: -XX:+ShowCodeDetailsInExceptionMessages -agentlib:jdwp=transport=dt_socket,suspend=y,address=localhost:55941 -javaagent:C:\Users\nbe_adm\eclipse\modeling-2023-09\eclipse\configuration\org.eclipse.osgi\689\0\.cp\lib\javaagent-shaded.jar -Dfile.encoding=UTF-8 -Dstdout.encoding=UTF-8 -Dstderr.encoding=UTF-8 
java_command: edu.kit.ipd.sdq.vitruvius.cloud.adapter.launch.AdapterLaunch
java_class_path (initial): C:\Users\nbe_adm\.p2\pool\plugins\org.osgi.annotation.versioning_1.1.2.202109301733.jar;C:\Users\nbe_adm\.p2\pool\plugins\org.osgi.annotation.bundle_2.0.0.202202082230.jar;C:\Users\nbe_adm\.p2\pool\plugins\org.osgi.service.component.annotations_1.5.1.202212101352.jar;C:\Users\nbe_adm\.p2\pool\plugins\org.osgi.service.metatype.annotations_1.4.1.202109301733.jar;C:\Users\nbe_adm\.p2\pool\plugins\org.apache.log4j_1.2.25.jar;C:\Users\nbe_adm\.p2\pool\plugins\tools.vitruv.change.composite_3.0.1.202402230237.jar;C:\Users\nbe_adm\.p2\pool\plugins\tools.vitruv.change.atomic_3.0.1.202402230237.jar;C:\Users\nbe_adm\.p2\pool\plugins\org.eclipse.emf.ecore_2.35.0.v20230829-0934.jar;C:\Users\nbe_adm\.p2\pool\plugins\org.eclipse.emf.common_2.29.0.v20230916-0637.jar;C:\Users\nbe_adm\.p2\pool\plugins\tools.vitruv.change.interaction.model_3.0.1.202402230237.jar;C:\Users\nbe_adm\.p2\pool\plugins\org.eclipse.emf.compare_3.5.3.202311200811.jar;C:\Users\nbe_adm\.p2\pool\plugins\org.eclipse.emf.ecore.xmi_2.36.0.v20231002-1156.jar;C:\Users\nbe_adm\.p2\pool\plugins\org.eclipse.xtend.lib_2.33.0.v20231121-0955.jar;C:\Users\nbe_adm\.p2\pool\plugins\org.eclipse.xtext.xbase.lib_2.33.0.v20231121-0955.jar;C:\Users\nbe_adm\.p2\pool\plugins\com.google.guava_32.1.3.jre.jar;C:\Users\nbe_adm\.p2\pool\plugins\org.eclipse.xtend.lib.macro_2.33.0.v20231121-0955.jar;C:\Users\nbe_adm\.p2\pool\plugins\edu.kit.ipd.sdq.activextendannotations_1.6.0.jar;C:\Users\nbe_adm\.p2\pool\plugins\edu.kit.ipd.sdq.commons.util.emf_2.3.0.202304271319.jar;C:\Users\nbe_adm\Documents\workspace\ma\remote\Vitruv\bundles\tools.vitruv.framework.views\target\classes;C:\Users\nbe_adm\.p2\pool\plugins\tools.vitruv.change.propagation_3.0.1.202402230237.jar;C:\Users\nbe_adm\.p2\pool\plugins\tools.vitruv.change.correspondence_3.0.1.202402230237.jar;C:\Users\nbe_adm\.p2\pool\plugins\tools.vitruv.change.interaction_3.0.1.202402230237.jar;C:\Users\nbe_adm\.p2\pool\plugins\edu.kit.ipd.sdq.commons.util.java_2.3.0.2
Launcher Type: SUN_STANDARD

[Global flags]
     intx CICompilerCount                          = 12                                        {product} {ergonomic}
     uint ConcGCThreads                            = 3                                         {product} {ergonomic}
     uint G1ConcRefinementThreads                  = 13                                        {product} {ergonomic}
   size_t G1HeapRegionSize                         = 4194304                                   {product} {ergonomic}
    uintx GCDrainStackTargetSize                   = 64                                        {product} {ergonomic}
   size_t InitialHeapSize                          = 469762048                                 {product} {ergonomic}
   size_t MarkStackSize                            = 4194304                                   {product} {ergonomic}
   size_t MaxHeapSize                              = 7470055424                                {product} {ergonomic}
   size_t MaxNewSize                               = 4479516672                                {product} {ergonomic}
   size_t MinHeapDeltaBytes                        = 4194304                                   {product} {ergonomic}
   size_t MinHeapSize                              = 8388608                                   {product} {ergonomic}
    uintx NonNMethodCodeHeapSize                   = 7602480                                {pd product} {ergonomic}
    uintx NonProfiledCodeHeapSize                  = 122027880                              {pd product} {ergonomic}
    uintx ProfiledCodeHeapSize                     = 122027880                              {pd product} {ergonomic}
    uintx ReservedCodeCacheSize                    = 251658240                              {pd product} {ergonomic}
     bool SegmentedCodeCache                       = true                                      {product} {ergonomic}
     bool ShowCodeDetailsInExceptionMessages       = true                                   {manageable} {command line}
   size_t SoftMaxHeapSize                          = 7470055424                             {manageable} {ergonomic}
     bool UseCompressedClassPointers               = true                           {product lp64_product} {ergonomic}
     bool UseCompressedOops                        = true                           {product lp64_product} {ergonomic}
     bool UseG1GC                                  = true                                      {product} {ergonomic}
     bool UseLargePagesIndividualAllocation        = false                                  {pd product} {ergonomic}

Logging:
Log output configuration:
 #0: stdout all=warning uptime,level,tags
 #1: stderr all=off uptime,level,tags

Environment Variables:
JAVA_HOME=C:\Program Files\Amazon Corretto\jdk17.0.4_9
PATH=C:/Program Files/Amazon Corretto/jdk17.0.4_9/bin/server;C:/Program Files/Amazon Corretto/jdk17.0.4_9/bin;C:\Program Files\Amazon Corretto\jdk17.0.4_9\bin;C:\WINDOWS\system32;C:\WINDOWS;C:\WINDOWS\System32\Wbem;C:\WINDOWS\System32\WindowsPowerShell\v1.0\;C:\WINDOWS\System32\OpenSSH\;C:\Program Files\Docker\Docker\resources\bin;C:\ProgramData\DockerDesktop\version-bin;C:\Program Files\Git\cmd;C:\apache-maven-3.8.6\bin;C:\Program Files (x86)\Windows Kits\10\Windows Performance Toolkit\;C:\Program Files\dotnet\;C:\Program Files\nodejs\;C:\Users\nbe_adm\AppData\Local\Microsoft\WindowsApps;C:\Users\nbe_adm\AppData\Local\Programs\Microsoft VS Code\bin;C:\Users\nbe_adm\AppData\Roaming\nvm;C:\Users\nbe_adm\AppData\Local\JetBrains\Toolbox\scripts;node_modules\corepack\shims\nodewin\yarn;;C:\Users\nbe_adm\Desktop;
USERNAME=nbe_adm
OS=Windows_NT
PROCESSOR_IDENTIFIER=AMD64 Family 25 Model 80 Stepping 0, AuthenticAMD
TMP=C:\Users\nbe_adm\AppData\Local\Temp
TEMP=C:\Users\nbe_adm\AppData\Local\Temp



---------------  S Y S T E M  ---------------

OS:
 Windows 11 , 64 bit Build 22621 (10.0.22621.2506)
OS uptime: 1 days 2:43 hours
Hyper-V role detected

CPU: total 16 (initial active 16) (16 cores per cpu, 2 threads per core) family 25 model 80 stepping 0 microcode 0x0, cx8, cmov, fxsr, ht, mmx, 3dnowpref, sse, sse2, sse3, ssse3, sse4a, sse4.1, sse4.2, popcnt, lzcnt, tsc, tscinvbit, avx, avx2, aes, erms, clmul, bmi1, bmi2, adx, sha, fma, vzeroupper, clflush, clflushopt, hv

Memory: 4k page, system-wide physical 28494M (9810M free)
TotalPageFile size 43342M (AvailPageFile size 17566M)
current process WorkingSet (physical memory assigned to process): 129M, peak: 246M
current process commit charge ("private bytes"): 594M, peak: 695M

vm_info: OpenJDK 64-Bit Server VM (17.0.4.1+9-LTS) for windows-amd64 JRE (17.0.4.1+9-LTS), built on Aug 12 2022 17:33:36 by "Administrator" with MS VC++ 15.9 (VS2017)

END.
