#
# A fatal error has been detected by the Java Runtime Environment:
#
#  EXCEPTION_ACCESS_VIOLATION (0xc0000005) at pc=0x00007ffa9ee5a06a, pid=22860, tid=16136
#
# JRE version: OpenJDK Runtime Environment Corretto-17.0.4.9.1 (17.0.4.1+9) (build 17.0.4.1+9-LTS)
# Java VM: OpenJDK 64-Bit Server VM Corretto-17.0.4.9.1 (17.0.4.1+9-LTS, mixed mode, sharing, tiered, compressed oops, compressed class ptrs, g1 gc, windows-amd64)
# Problematic frame:
# V  [jvm.dll+0x76a06a]
#
# No core dump will be written. Minidumps are not enabled by default on client versions of Windows
#
# If you would like to submit a bug report, please visit:
#   https://github.com/corretto/corretto-17/issues/
#

---------------  S U M M A R Y ------------

Command Line: -XX:+ShowCodeDetailsInExceptionMessages -agentlib:jdwp=transport=dt_socket,suspend=y,address=localhost:53766 -javaagent:C:\Users\nbe_adm\eclipse\modeling-2023-09\eclipse\configuration\org.eclipse.osgi\689\0\.cp\lib\javaagent-shaded.jar -Dfile.encoding=UTF-8 -Dstdout.encoding=UTF-8 -Dstderr.encoding=UTF-8 edu.kit.ipd.sdq.vitruvius.cloud.adapter.launch.AdapterLaunch

Host: AMD Ryzen 7 PRO 5850U with Radeon Graphics     , 16 cores, 27G,  Windows 11 , 64 bit Build 22621 (10.0.22621.3235)
Time: Mon Apr  8 17:07:55 2024 W. Europe Daylight Time elapsed time: 2485.185021 seconds (0d 0h 41m 25s)

---------------  T H R E A D  ---------------

Current thread (0x00000263469e68c0):  JavaThread "JDWP Transport Listener: dt_socket" daemon [_thread_in_vm, id=16136, stack(0x000000ea6ac00000,0x000000ea6ad00000)]

Stack: [0x000000ea6ac00000,0x000000ea6ad00000],  sp=0x000000ea6acff4e0,  free space=1021k
Native frames: (J=compiled Java code, j=interpreted, Vv=VM code, C=native code)
V  [jvm.dll+0x76a06a]
V  [jvm.dll+0x4e3c58]
V  [jvm.dll+0x4b4bc4]
C  [jdwp.dll+0x22bc0]


siginfo: EXCEPTION_ACCESS_VIOLATION (0xc0000005), reading address 0x0000000000a30014


Register to memory mapping:

RIP=0x00007ffa9ee5a06a jvm.dll
RAX=0x00000000000000a2 is an unknown value
RBX=0x000002634682e61c points into unknown readable memory: 2f 66 61 73
RCX=0x0000000000a30010 is an unknown value
RDX=0x000002634b9e8270 points into unknown readable memory: 0x762f736c6f6f744c | 4c 74 6f 6f 6c 73 2f 76
RSP=0x000000ea6acff4e0 is pointing into the stack for thread: 0x00000263469e68c0
RBP=0x00000263469cca50 points into unknown readable memory: 0x0043005000000002 | 02 00 00 00 50 00 43 00
RSI=0x0 is NULL
RDI=0xffffffffffffffff is an unknown value
R8 =0x00000000000001e3 is an unknown value
R9 =0x0000000000000040 is an unknown value
R10=0x00000000000001c0 is an unknown value
R11=0x000000ea6acff500 is pointing into the stack for thread: 0x00000263469e68c0
R12=0x000000ea6acff608 is pointing into the stack for thread: 0x00000263469e68c0
R13=0x0 is NULL
R14=0x0000000800d46000 is a pointer to class: 
tools.vitruv.framework.remote.common.serializer.VitruviusChangeSerializer {0x0000000800d46008}
 - instance size:     2
 - klass size:        82
 - access:            public synchronized 
 - state:             fully_initialized
 - name:              'tools/vitruv/framework/remote/common/serializer/VitruviusChangeSerializer'
 - super:             'com/fasterxml/jackson/databind/JsonSerializer'
 - sub:               
 - arrays:            NULL
 - methods:           Array<T>(0x00000263504cb638)
 - method ordering:   Array<T>(0x0000026348c47b98)
 - default_methods:   Array<T>(0x0000000000000000)
 - local interfaces:  Array<T>(0x00000008005cf938)
 - trans. interfaces: Array<T>(0x000002634663e768)
 - constants:         constant pool [191]/operands[5] {0x00000263504cc6c8} for 'tools/vitruv/framework/remote/common/serializer/VitruviusChangeSerializer' cache=0x0000026348c47120
 - class loader data:  loader data: 0x00000263468157f0 for instance a 'jdk/internal/loader/ClassLoaders$AppClassLoader'{0x0000000642c01748}
 - source file:       'VitruviusChangeSerializer.java'
 - source debug extension:       SMAP
VitruviusChangeSerializer.java
Java
*S jdt
*F
1 VitruviusChangeSerializer.java
2 file:/C:/Users/nbe_adm/Documents/workspace/ma/remote/Vitruv/bundles/tools.vitruv.framework.remote/target/tools.vitruv.framework.remote-3.0.1-SNAPSHOT.jar
*L
*E

 - class annotations:       Array<T>(0x0000000000000000)
 - class type annotations:  Array<T>(0x0000000000000000)
 - field annotations:       Array<T>(0x0000000000000000)
 - field type annotations:  Array<T>(0x0000000000000000)
 - generic signature: '
[error occurred during error reporting (printing register info), id 0xc0000005, EXCEPTION_ACCESS_VIOLATION (0xc0000005) at pc=0x00007ffa9ee5ac36]

Registers:
RAX=0x00000000000000a2, RBX=0x000002634682e61c, RCX=0x0000000000a30010, RDX=0x000002634b9e8270
RSP=0x000000ea6acff4e0, RBP=0x00000263469cca50, RSI=0x0000000000000000, RDI=0xffffffffffffffff
R8 =0x00000000000001e3, R9 =0x0000000000000040, R10=0x00000000000001c0, R11=0x000000ea6acff500
R12=0x000000ea6acff608, R13=0x0000000000000000, R14=0x0000000800d46000, R15=0x000000ea6acff630
RIP=0x00007ffa9ee5a06a, EFLAGS=0x0000000000010202

Top of Stack: (sp=0x000000ea6acff4e0)
0x000000ea6acff4e0:   0000000000000049 0000000800d46000
0x000000ea6acff4f0:   00005e9b0c5d0ae3 0000026349a4bac8
0x000000ea6acff500:   ffffffffffffffff 00007ffa9ebd3c58
0x000000ea6acff510:   000002634682e61c 000002634682e5d0
0x000000ea6acff520:   00000263469cca50 00007ffb12ab4d25
0x000000ea6acff530:   000002634682e570 00000000000003d8
0x000000ea6acff540:   000002634682e580 000002634682e958
0x000000ea6acff550:   0000000000007b01 000000ea6acff608
0x000000ea6acff560:   0000026319215430 000000ea6acff630
0x000000ea6acff570:   00000263469e68c0 00007ffa9eba4bc4
0x000000ea6acff580:   000000065e1152b0 00000263469e6b68
0x000000ea6acff590:   0000000000000007 000000ea6acff630
0x000000ea6acff5a0:   00000263469e68c0 0000000000000000
0x000000ea6acff5b0:   00007ffb00000000 0000000000000000
0x000000ea6acff5c0:   0000026349a4bad0 00007ffb12ab2bc0
0x000000ea6acff5d0:   000000ea6acff628 000000ea6acff640 

Instructions: (pc=0x00007ffa9ee5a06a)
0x00007ffa9ee59f6a:   48 83 c4 20 5f e9 5c d5 94 ff cc cc cc cc cc cc
0x00007ffa9ee59f7a:   cc cc cc cc cc cc 48 89 5c 24 08 57 48 83 ec 20
0x00007ffa9ee59f8a:   83 fa 02 8d 42 06 b9 08 00 00 00 49 8b d8 0f 4e
0x00007ffa9ee59f9a:   c1 48 63 c8 48 83 c1 07 83 e1 f8 48 63 f9 49 8b
0x00007ffa9ee59faa:   48 18 48 8b c7 48 f7 d0 48 3b c1 73 16 4c 8d 05
0x00007ffa9ee59fba:   4a f3 16 00 48 8b d7 48 8b cb e8 d7 36 95 ff 48
0x00007ffa9ee59fca:   8b 4b 18 48 8d 04 39 48 3b 43 20 76 18 45 33 c0
0x00007ffa9ee59fda:   48 8b d7 48 8b cb 48 8b 5c 24 30 48 83 c4 20 5f
0x00007ffa9ee59fea:   e9 81 33 95 ff 48 89 43 18 48 8b c1 48 8b 5c 24
0x00007ffa9ee59ffa:   30 48 83 c4 20 5f c3 cc cc cc cc cc cc cc cc cc
0x00007ffa9ee5a00a:   cc cc cc cc cc cc 4c 8b d2 4c 8b d9 45 85 c0 7e
0x00007ffa9ee5a01a:   3c 44 0f b7 49 04 41 8d 40 ff 45 3b c1 44 0f 4e
0x00007ffa9ee5a02a:   c8 4d 63 c1 45 85 c9 7e 1f 48 8b c2 4c 2b da 49
0x00007ffa9ee5a03a:   8b d0 0f 1f 40 00 41 0f b6 4c 03 06 88 08 48 8d
0x00007ffa9ee5a04a:   40 01 48 83 ea 01 75 ee 43 c6 04 10 00 49 8b c2
0x00007ffa9ee5a05a:   c3 cc cc cc cc cc 48 89 5c 24 08 57 48 83 ec 20
0x00007ffa9ee5a06a:   0f b7 59 04 48 8b f9 33 d2 48 8d 4b 01 e8 d4 1a
0x00007ffa9ee5a07a:   f3 ff 0f b7 57 04 8d 4b 01 3b ca 4c 8b c0 0f 46
0x00007ffa9ee5a08a:   d3 4c 63 ca 85 d2 7e 31 48 8b c8 48 2b f8 49 8b
0x00007ffa9ee5a09a:   d1 0f 1f 44 00 00 0f b6 44 0f 06 88 01 48 8d 49
0x00007ffa9ee5a0aa:   01 48 83 ea 01 75 ef 43 88 14 01 49 8b c0 48 8b
0x00007ffa9ee5a0ba:   5c 24 30 48 83 c4 20 5f c3 48 8b 5c 24 30 41 c6
0x00007ffa9ee5a0ca:   04 01 00 48 83 c4 20 5f c3 cc cc cc cc cc cc cc
0x00007ffa9ee5a0da:   cc cc cc cc cc cc 4c 8b d1 45 85 c0 7e 6c 44 0f
0x00007ffa9ee5a0ea:   b7 49 04 41 8d 40 ff 45 3b c1 44 0f 4e c8 4d 63
0x00007ffa9ee5a0fa:   d9 45 85 c9 7e 22 48 8b ca 4c 2b d2 4d 8b c3 0f
0x00007ffa9ee5a10a:   1f 80 00 00 00 00 41 0f b6 44 0a 06 88 01 48 8d
0x00007ffa9ee5a11a:   49 01 49 83 e8 01 75 ee 41 c6 04 13 00 48 c7 c0
0x00007ffa9ee5a12a:   ff ff ff ff 66 90 48 ff c0 80 3c 02 00 75 f7 48
0x00007ffa9ee5a13a:   63 c8 85 c0 48 8b c2 7e 14 80 38 2f 75 03 c6 00
0x00007ffa9ee5a14a:   2e 48 ff c0 48 83 e9 01 75 ef 48 8b c2 c3 cc cc
0x00007ffa9ee5a15a:   cc cc cc cc cc cc 48 83 ec 28 e8 f7 fe ff ff 4c 


Stack slot to memory mapping:
stack at sp + 0 slots: 0x0000000000000049 is an unknown value
stack at sp + 1 slots: 0x0000000800d46000 is a pointer to class: 
tools.vitruv.framework.remote.common.serializer.VitruviusChangeSerializer {0x0000000800d46008}
 - instance size:     2
 - klass size:        82
 - access:            public synchronized 
 - state:             fully_initialized
 - name:              'tools/vitruv/framework/remote/common/serializer/VitruviusChangeSerializer'
 - super:             'com/fasterxml/jackson/databind/JsonSerializer'
 - sub:               
 - arrays:            NULL
 - methods:           Array<T>(0x00000263504cb638)
 - method ordering:   Array<T>(0x0000026348c47b98)
 - default_methods:   Array<T>(0x0000000000000000)
 - local interfaces:  Array<T>(0x00000008005cf938)
 - trans. interfaces: Array<T>(0x000002634663e768)
 - constants:         constant pool [191]/operands[5] {0x00000263504cc6c8} for 'tools/vitruv/framework/remote/common/serializer/VitruviusChangeSerializer' cache=0x0000026348c47120
 - class loader data:  loader data: 0x00000263468157f0 for instance a 'jdk/internal/loader/ClassLoaders$AppClassLoader'{0x0000000642c01748}
 - source file:       'VitruviusChangeSerializer.java'
 - source debug extension:       SMAP
VitruviusChangeSerializer.java
Java
*S jdt
*F
1 VitruviusChangeSerializer.java
2 file:/C:/Users/nbe_adm/Documents/workspace/ma/remote/Vitruv/bundles/tools.vitruv.framework.remote/target/tools.vitruv.framework.remote-3.0.1-SNAPSHOT.jar
*L
*E

 - class annotations:       Array<T>(0x0000000000000000)
 - class type annotations:  Array<T>(0x0000000000000000)
 - field annotations:       Array<T>(0x0000000000000000)
 - field type annotations:  Array<T>(0x0000000000000000)
 - generic signature: '
[error occurred during error reporting (inspecting top of stack), id 0xc0000005, EXCEPTION_ACCESS_VIOLATION (0xc0000005) at pc=0x00007ffa9ee5ac36]


---------------  P R O C E S S  ---------------

Threads class SMR info:
_java_thread_list=0x000002634a0d0430, length=21, elements={
0x0000026345761bb0, 0x0000026345762a20, 0x0000026346807800, 0x00000263468092d0,
0x000002634680bba0, 0x0000026346814470, 0x0000026346821eb0, 0x0000026346822860,
0x0000026346817520, 0x000002634574c1a0, 0x00000263469e68c0, 0x0000026346a80ab0,
0x0000026346a81190, 0x00000263470eb6d0, 0x000002634767e180, 0x00000263478f2050,
0x000002634a50c110, 0x000002634a50bc40, 0x000002634a50d450, 0x000002634a509f60,
0x000002634a50a430
}

Java Threads: ( => current thread )
  0x0000026345761bb0 JavaThread "Reference Handler" daemon [_thread_blocked, id=10272, stack(0x000000ea69f00000,0x000000ea6a000000)]
  0x0000026345762a20 JavaThread "Finalizer" daemon [_thread_blocked, id=32228, stack(0x000000ea6a000000,0x000000ea6a100000)]
  0x0000026346807800 JavaThread "Signal Dispatcher" daemon [_thread_blocked, id=7324, stack(0x000000ea6a100000,0x000000ea6a200000)]
  0x00000263468092d0 JavaThread "Attach Listener" daemon [_thread_blocked, id=25048, stack(0x000000ea6a200000,0x000000ea6a300000)]
  0x000002634680bba0 JavaThread "Service Thread" daemon [_thread_blocked, id=26900, stack(0x000000ea6a300000,0x000000ea6a400000)]
  0x0000026346814470 JavaThread "Monitor Deflation Thread" daemon [_thread_blocked, id=35308, stack(0x000000ea6a400000,0x000000ea6a500000)]
  0x0000026346821eb0 JavaThread "C2 CompilerThread0" daemon [_thread_blocked, id=22696, stack(0x000000ea6a500000,0x000000ea6a600000)]
  0x0000026346822860 JavaThread "C1 CompilerThread0" daemon [_thread_blocked, id=34840, stack(0x000000ea6a600000,0x000000ea6a700000)]
  0x0000026346817520 JavaThread "Sweeper thread" daemon [_thread_blocked, id=28484, stack(0x000000ea6a700000,0x000000ea6a800000)]
  0x000002634574c1a0 JavaThread "Common-Cleaner" daemon [_thread_blocked, id=12252, stack(0x000000ea6a800000,0x000000ea6a900000)]
=>0x00000263469e68c0 JavaThread "JDWP Transport Listener: dt_socket" daemon [_thread_in_vm, id=16136, stack(0x000000ea6ac00000,0x000000ea6ad00000)]
  0x0000026346a80ab0 JavaThread "JDWP Event Helper Thread" daemon [_thread_blocked, id=34260, stack(0x000000ea6ad00000,0x000000ea6ae00000)]
  0x0000026346a81190 JavaThread "JDWP Command Reader" daemon [_thread_in_native, id=33000, stack(0x000000ea6ae00000,0x000000ea6af00000)]
  0x00000263470eb6d0 JavaThread "Notification Thread" daemon [_thread_blocked, id=33808, stack(0x000000ea6af00000,0x000000ea6b000000)]
  0x000002634767e180 JavaThread "EMF Reference Cleaner" daemon [_thread_blocked, id=5740, stack(0x000000ea6b300000,0x000000ea6b400000)]
  0x00000263478f2050 JavaThread "HttpClient-1-SelectorManager" daemon [_thread_in_native, id=11292, stack(0x000000ea6c100000,0x000000ea6c200000)]
  0x000002634a50c110 JavaThread "server-timer" daemon [_thread_blocked, id=25728, stack(0x000000ea6c400000,0x000000ea6c500000)]
  0x000002634a50bc40 JavaThread "HttpClient-2-SelectorManager" daemon [_thread_in_native, id=30024, stack(0x000000ea6c500000,0x000000ea6c600000)]
  0x000002634a50d450 JavaThread "HTTP-Dispatcher" [_thread_in_native, id=29952, stack(0x000000ea6c600000,0x000000ea6c700000)]
  0x000002634a509f60 JavaThread "DestroyJavaVM" [_thread_blocked, id=30756, stack(0x000000ea69800000,0x000000ea69900000)]
  0x000002634a50a430 JavaThread "HttpClient-2-Worker-5" daemon [_thread_blocked, id=18736, stack(0x000000ea6a900000,0x000000ea6aa00000)]

Other Threads:
  0x000002634575dfc0 VMThread "VM Thread" [stack: 0x000000ea69e00000,0x000000ea69f00000] [id=33636]
  0x000002634707ce10 WatcherThread [stack: 0x000000ea6b000000,0x000000ea6b100000] [id=30992]
  0x00000263192bff80 GCTaskThread "GC Thread#0" [stack: 0x000000ea69900000,0x000000ea69a00000] [id=34984]
  0x0000026347803380 GCTaskThread "GC Thread#1" [stack: 0x000000ea6b500000,0x000000ea6b600000] [id=8152]
  0x000002634757abc0 GCTaskThread "GC Thread#2" [stack: 0x000000ea6b600000,0x000000ea6b700000] [id=33524]
  0x000002634757ae70 GCTaskThread "GC Thread#3" [stack: 0x000000ea6b700000,0x000000ea6b800000] [id=15896]
  0x00000263475780a0 GCTaskThread "GC Thread#4" [stack: 0x000000ea6b800000,0x000000ea6b900000] [id=9740]
  0x0000026347579380 GCTaskThread "GC Thread#5" [stack: 0x000000ea6b900000,0x000000ea6ba00000] [id=21836]
  0x0000026347493e00 GCTaskThread "GC Thread#6" [stack: 0x000000ea6ba00000,0x000000ea6bb00000] [id=25560]
  0x00000263474940b0 GCTaskThread "GC Thread#7" [stack: 0x000000ea6bb00000,0x000000ea6bc00000] [id=29840]
  0x00000263479e31a0 GCTaskThread "GC Thread#8" [stack: 0x000000ea6bc00000,0x000000ea6bd00000] [id=28112]
  0x00000263479e3860 GCTaskThread "GC Thread#9" [stack: 0x000000ea6bd00000,0x000000ea6be00000] [id=27176]
  0x00000263478dd990 GCTaskThread "GC Thread#10" [stack: 0x000000ea6be00000,0x000000ea6bf00000] [id=12980]
  0x00000263478ddc40 GCTaskThread "GC Thread#11" [stack: 0x000000ea6bf00000,0x000000ea6c000000] [id=29492]
  0x000002634781c1a0 GCTaskThread "GC Thread#12" [stack: 0x000000ea6c000000,0x000000ea6c100000] [id=32912]
  0x00000263190adf20 ConcurrentGCThread "G1 Main Marker" [stack: 0x000000ea69a00000,0x000000ea69b00000] [id=19332]
  0x00000263190ae9d0 ConcurrentGCThread "G1 Conc#0" [stack: 0x000000ea69b00000,0x000000ea69c00000] [id=31392]
  0x000002634561df10 ConcurrentGCThread "G1 Refine#0" [stack: 0x000000ea69c00000,0x000000ea69d00000] [id=34192]
  0x000002634561e930 ConcurrentGCThread "G1 Service" [stack: 0x000000ea69d00000,0x000000ea69e00000] [id=9612]

Threads with active compile tasks:

VM state: not at safepoint (normal execution)

VM Mutex/Monitor currently owned by a thread: None

Heap address: 0x0000000642c00000, size: 7124 MB, Compressed Oops mode: Zero based, Oop shift amount: 3

CDS archive(s) mapped at: [0x0000000800000000-0x0000000800bc0000-0x0000000800bc0000), size 12320768, SharedBaseAddress: 0x0000000800000000, ArchiveRelocationMode: 0.
Compressed class space mapped at: 0x0000000800c00000-0x0000000840c00000, reserved size: 1073741824
Narrow klass base: 0x0000000800000000, Narrow klass shift: 0, Narrow klass range: 0x100000000

GC Precious Log:
 CPUs: 16 total, 16 available
 Memory: 28494M
 Large Page Support: Disabled
 NUMA Support: Disabled
 Compressed Oops: Enabled (Zero based)
 Heap Region Size: 4M
 Heap Min Capacity: 8M
 Heap Initial Capacity: 448M
 Heap Max Capacity: 7124M
 Pre-touch: Disabled
 Parallel Workers: 13
 Concurrent Workers: 3
 Concurrent Refinement Workers: 13
 Periodic GC: Disabled

Heap:
 garbage-first heap   total 458752K, used 124931K [0x0000000642c00000, 0x0000000800000000)
  region size 4096K, 31 young (126976K), 1 survivors (4096K)
 Metaspace       used 19356K, committed 19648K, reserved 1073152K
  class space    used 2158K, committed 2304K, reserved 1048576K

Heap Regions: E=young(eden), S=young(survivor), O=old, HS=humongous(starts), HC=humongous(continues), CS=collection set, F=free, OA=open archive, CA=closed archive, TAMS=top-at-mark-start (previous, next)
|   0|0x0000000642c00000, 0x0000000642f91800, 0x0000000643000000| 89%| O|  |TAMS 0x0000000642c00000, 0x0000000642c00000| Untracked 
|   1|0x0000000643000000, 0x0000000643000000, 0x0000000643400000|  0%| F|  |TAMS 0x0000000643000000, 0x0000000643000000| Untracked 
|   2|0x0000000643400000, 0x0000000643400000, 0x0000000643800000|  0%| F|  |TAMS 0x0000000643400000, 0x0000000643400000| Untracked 
|   3|0x0000000643800000, 0x0000000643800000, 0x0000000643c00000|  0%| F|  |TAMS 0x0000000643800000, 0x0000000643800000| Untracked 
|   4|0x0000000643c00000, 0x0000000643c00000, 0x0000000644000000|  0%| F|  |TAMS 0x0000000643c00000, 0x0000000643c00000| Untracked 
|   5|0x0000000644000000, 0x0000000644000000, 0x0000000644400000|  0%| F|  |TAMS 0x0000000644000000, 0x0000000644000000| Untracked 
|   6|0x0000000644400000, 0x0000000644400000, 0x0000000644800000|  0%| F|  |TAMS 0x0000000644400000, 0x0000000644400000| Untracked 
|   7|0x0000000644800000, 0x0000000644800000, 0x0000000644c00000|  0%| F|  |TAMS 0x0000000644800000, 0x0000000644800000| Untracked 
|   8|0x0000000644c00000, 0x0000000644c00000, 0x0000000645000000|  0%| F|  |TAMS 0x0000000644c00000, 0x0000000644c00000| Untracked 
|   9|0x0000000645000000, 0x0000000645000000, 0x0000000645400000|  0%| F|  |TAMS 0x0000000645000000, 0x0000000645000000| Untracked 
|  10|0x0000000645400000, 0x0000000645400000, 0x0000000645800000|  0%| F|  |TAMS 0x0000000645400000, 0x0000000645400000| Untracked 
|  11|0x0000000645800000, 0x0000000645800000, 0x0000000645c00000|  0%| F|  |TAMS 0x0000000645800000, 0x0000000645800000| Untracked 
|  12|0x0000000645c00000, 0x0000000645c00000, 0x0000000646000000|  0%| F|  |TAMS 0x0000000645c00000, 0x0000000645c00000| Untracked 
|  13|0x0000000646000000, 0x0000000646000000, 0x0000000646400000|  0%| F|  |TAMS 0x0000000646000000, 0x0000000646000000| Untracked 
|  14|0x0000000646400000, 0x0000000646400000, 0x0000000646800000|  0%| F|  |TAMS 0x0000000646400000, 0x0000000646400000| Untracked 
|  15|0x0000000646800000, 0x0000000646800000, 0x0000000646c00000|  0%| F|  |TAMS 0x0000000646800000, 0x0000000646800000| Untracked 
|  16|0x0000000646c00000, 0x0000000646c00000, 0x0000000647000000|  0%| F|  |TAMS 0x0000000646c00000, 0x0000000646c00000| Untracked 
|  17|0x0000000647000000, 0x0000000647000000, 0x0000000647400000|  0%| F|  |TAMS 0x0000000647000000, 0x0000000647000000| Untracked 
|  18|0x0000000647400000, 0x0000000647400000, 0x0000000647800000|  0%| F|  |TAMS 0x0000000647400000, 0x0000000647400000| Untracked 
|  19|0x0000000647800000, 0x0000000647800000, 0x0000000647c00000|  0%| F|  |TAMS 0x0000000647800000, 0x0000000647800000| Untracked 
|  20|0x0000000647c00000, 0x0000000647c00000, 0x0000000648000000|  0%| F|  |TAMS 0x0000000647c00000, 0x0000000647c00000| Untracked 
|  21|0x0000000648000000, 0x0000000648000000, 0x0000000648400000|  0%| F|  |TAMS 0x0000000648000000, 0x0000000648000000| Untracked 
|  22|0x0000000648400000, 0x0000000648400000, 0x0000000648800000|  0%| F|  |TAMS 0x0000000648400000, 0x0000000648400000| Untracked 
|  23|0x0000000648800000, 0x0000000648800000, 0x0000000648c00000|  0%| F|  |TAMS 0x0000000648800000, 0x0000000648800000| Untracked 
|  24|0x0000000648c00000, 0x0000000648c00000, 0x0000000649000000|  0%| F|  |TAMS 0x0000000648c00000, 0x0000000648c00000| Untracked 
|  25|0x0000000649000000, 0x0000000649000000, 0x0000000649400000|  0%| F|  |TAMS 0x0000000649000000, 0x0000000649000000| Untracked 
|  26|0x0000000649400000, 0x0000000649400000, 0x0000000649800000|  0%| F|  |TAMS 0x0000000649400000, 0x0000000649400000| Untracked 
|  27|0x0000000649800000, 0x0000000649800000, 0x0000000649c00000|  0%| F|  |TAMS 0x0000000649800000, 0x0000000649800000| Untracked 
|  28|0x0000000649c00000, 0x0000000649c00000, 0x000000064a000000|  0%| F|  |TAMS 0x0000000649c00000, 0x0000000649c00000| Untracked 
|  29|0x000000064a000000, 0x000000064a000000, 0x000000064a400000|  0%| F|  |TAMS 0x000000064a000000, 0x000000064a000000| Untracked 
|  30|0x000000064a400000, 0x000000064a400000, 0x000000064a800000|  0%| F|  |TAMS 0x000000064a400000, 0x000000064a400000| Untracked 
|  31|0x000000064a800000, 0x000000064a800000, 0x000000064ac00000|  0%| F|  |TAMS 0x000000064a800000, 0x000000064a800000| Untracked 
|  32|0x000000064ac00000, 0x000000064ac00000, 0x000000064b000000|  0%| F|  |TAMS 0x000000064ac00000, 0x000000064ac00000| Untracked 
|  33|0x000000064b000000, 0x000000064b000000, 0x000000064b400000|  0%| F|  |TAMS 0x000000064b000000, 0x000000064b000000| Untracked 
|  34|0x000000064b400000, 0x000000064b400000, 0x000000064b800000|  0%| F|  |TAMS 0x000000064b400000, 0x000000064b400000| Untracked 
|  35|0x000000064b800000, 0x000000064b800000, 0x000000064bc00000|  0%| F|  |TAMS 0x000000064b800000, 0x000000064b800000| Untracked 
|  36|0x000000064bc00000, 0x000000064bc00000, 0x000000064c000000|  0%| F|  |TAMS 0x000000064bc00000, 0x000000064bc00000| Untracked 
|  37|0x000000064c000000, 0x000000064c000000, 0x000000064c400000|  0%| F|  |TAMS 0x000000064c000000, 0x000000064c000000| Untracked 
|  38|0x000000064c400000, 0x000000064c400000, 0x000000064c800000|  0%| F|  |TAMS 0x000000064c400000, 0x000000064c400000| Untracked 
|  39|0x000000064c800000, 0x000000064c800000, 0x000000064cc00000|  0%| F|  |TAMS 0x000000064c800000, 0x000000064c800000| Untracked 
|  40|0x000000064cc00000, 0x000000064cc00000, 0x000000064d000000|  0%| F|  |TAMS 0x000000064cc00000, 0x000000064cc00000| Untracked 
|  41|0x000000064d000000, 0x000000064d000000, 0x000000064d400000|  0%| F|  |TAMS 0x000000064d000000, 0x000000064d000000| Untracked 
|  42|0x000000064d400000, 0x000000064d400000, 0x000000064d800000|  0%| F|  |TAMS 0x000000064d400000, 0x000000064d400000| Untracked 
|  43|0x000000064d800000, 0x000000064d800000, 0x000000064dc00000|  0%| F|  |TAMS 0x000000064d800000, 0x000000064d800000| Untracked 
|  44|0x000000064dc00000, 0x000000064dc00000, 0x000000064e000000|  0%| F|  |TAMS 0x000000064dc00000, 0x000000064dc00000| Untracked 
|  45|0x000000064e000000, 0x000000064e000000, 0x000000064e400000|  0%| F|  |TAMS 0x000000064e000000, 0x000000064e000000| Untracked 
|  46|0x000000064e400000, 0x000000064e400000, 0x000000064e800000|  0%| F|  |TAMS 0x000000064e400000, 0x000000064e400000| Untracked 
|  47|0x000000064e800000, 0x000000064e800000, 0x000000064ec00000|  0%| F|  |TAMS 0x000000064e800000, 0x000000064e800000| Untracked 
|  48|0x000000064ec00000, 0x000000064ec00000, 0x000000064f000000|  0%| F|  |TAMS 0x000000064ec00000, 0x000000064ec00000| Untracked 
|  49|0x000000064f000000, 0x000000064f000000, 0x000000064f400000|  0%| F|  |TAMS 0x000000064f000000, 0x000000064f000000| Untracked 
|  50|0x000000064f400000, 0x000000064f400000, 0x000000064f800000|  0%| F|  |TAMS 0x000000064f400000, 0x000000064f400000| Untracked 
|  51|0x000000064f800000, 0x000000064f800000, 0x000000064fc00000|  0%| F|  |TAMS 0x000000064f800000, 0x000000064f800000| Untracked 
|  52|0x000000064fc00000, 0x000000064fc00000, 0x0000000650000000|  0%| F|  |TAMS 0x000000064fc00000, 0x000000064fc00000| Untracked 
|  53|0x0000000650000000, 0x0000000650000000, 0x0000000650400000|  0%| F|  |TAMS 0x0000000650000000, 0x0000000650000000| Untracked 
|  54|0x0000000650400000, 0x0000000650400000, 0x0000000650800000|  0%| F|  |TAMS 0x0000000650400000, 0x0000000650400000| Untracked 
|  55|0x0000000650800000, 0x0000000650800000, 0x0000000650c00000|  0%| F|  |TAMS 0x0000000650800000, 0x0000000650800000| Untracked 
|  56|0x0000000650c00000, 0x0000000650c00000, 0x0000000651000000|  0%| F|  |TAMS 0x0000000650c00000, 0x0000000650c00000| Untracked 
|  57|0x0000000651000000, 0x0000000651000000, 0x0000000651400000|  0%| F|  |TAMS 0x0000000651000000, 0x0000000651000000| Untracked 
|  58|0x0000000651400000, 0x0000000651400000, 0x0000000651800000|  0%| F|  |TAMS 0x0000000651400000, 0x0000000651400000| Untracked 
|  59|0x0000000651800000, 0x0000000651800000, 0x0000000651c00000|  0%| F|  |TAMS 0x0000000651800000, 0x0000000651800000| Untracked 
|  60|0x0000000651c00000, 0x0000000651c00000, 0x0000000652000000|  0%| F|  |TAMS 0x0000000651c00000, 0x0000000651c00000| Untracked 
|  61|0x0000000652000000, 0x0000000652000000, 0x0000000652400000|  0%| F|  |TAMS 0x0000000652000000, 0x0000000652000000| Untracked 
|  62|0x0000000652400000, 0x0000000652400000, 0x0000000652800000|  0%| F|  |TAMS 0x0000000652400000, 0x0000000652400000| Untracked 
|  63|0x0000000652800000, 0x0000000652800000, 0x0000000652c00000|  0%| F|  |TAMS 0x0000000652800000, 0x0000000652800000| Untracked 
|  64|0x0000000652c00000, 0x0000000652c00000, 0x0000000653000000|  0%| F|  |TAMS 0x0000000652c00000, 0x0000000652c00000| Untracked 
|  65|0x0000000653000000, 0x0000000653000000, 0x0000000653400000|  0%| F|  |TAMS 0x0000000653000000, 0x0000000653000000| Untracked 
|  66|0x0000000653400000, 0x0000000653400000, 0x0000000653800000|  0%| F|  |TAMS 0x0000000653400000, 0x0000000653400000| Untracked 
|  67|0x0000000653800000, 0x0000000653800000, 0x0000000653c00000|  0%| F|  |TAMS 0x0000000653800000, 0x0000000653800000| Untracked 
|  68|0x0000000653c00000, 0x0000000653c00000, 0x0000000654000000|  0%| F|  |TAMS 0x0000000653c00000, 0x0000000653c00000| Untracked 
|  69|0x0000000654000000, 0x0000000654000000, 0x0000000654400000|  0%| F|  |TAMS 0x0000000654000000, 0x0000000654000000| Untracked 
|  70|0x0000000654400000, 0x0000000654400000, 0x0000000654800000|  0%| F|  |TAMS 0x0000000654400000, 0x0000000654400000| Untracked 
|  71|0x0000000654800000, 0x0000000654800000, 0x0000000654c00000|  0%| F|  |TAMS 0x0000000654800000, 0x0000000654800000| Untracked 
|  72|0x0000000654c00000, 0x0000000654c00000, 0x0000000655000000|  0%| F|  |TAMS 0x0000000654c00000, 0x0000000654c00000| Untracked 
|  73|0x0000000655000000, 0x0000000655000000, 0x0000000655400000|  0%| F|  |TAMS 0x0000000655000000, 0x0000000655000000| Untracked 
|  74|0x0000000655400000, 0x0000000655400000, 0x0000000655800000|  0%| F|  |TAMS 0x0000000655400000, 0x0000000655400000| Untracked 
|  75|0x0000000655800000, 0x0000000655800000, 0x0000000655c00000|  0%| F|  |TAMS 0x0000000655800000, 0x0000000655800000| Untracked 
|  76|0x0000000655c00000, 0x0000000655c00000, 0x0000000656000000|  0%| F|  |TAMS 0x0000000655c00000, 0x0000000655c00000| Untracked 
|  77|0x0000000656000000, 0x0000000656000000, 0x0000000656400000|  0%| F|  |TAMS 0x0000000656000000, 0x0000000656000000| Untracked 
|  78|0x0000000656400000, 0x0000000656400000, 0x0000000656800000|  0%| F|  |TAMS 0x0000000656400000, 0x0000000656400000| Untracked 
|  79|0x0000000656800000, 0x0000000656800000, 0x0000000656c00000|  0%| F|  |TAMS 0x0000000656800000, 0x0000000656800000| Untracked 
|  80|0x0000000656c00000, 0x0000000656c00000, 0x0000000657000000|  0%| F|  |TAMS 0x0000000656c00000, 0x0000000656c00000| Untracked 
|  81|0x0000000657000000, 0x00000006571526d0, 0x0000000657400000| 33%| E|  |TAMS 0x0000000657000000, 0x0000000657000000| Complete 
|  82|0x0000000657400000, 0x0000000657800000, 0x0000000657800000|100%| E|CS|TAMS 0x0000000657400000, 0x0000000657400000| Complete 
|  83|0x0000000657800000, 0x0000000657c00000, 0x0000000657c00000|100%| E|CS|TAMS 0x0000000657800000, 0x0000000657800000| Complete 
|  84|0x0000000657c00000, 0x0000000658000000, 0x0000000658000000|100%| E|CS|TAMS 0x0000000657c00000, 0x0000000657c00000| Complete 
|  85|0x0000000658000000, 0x0000000658400000, 0x0000000658400000|100%| E|CS|TAMS 0x0000000658000000, 0x0000000658000000| Complete 
|  86|0x0000000658400000, 0x0000000658800000, 0x0000000658800000|100%| E|CS|TAMS 0x0000000658400000, 0x0000000658400000| Complete 
|  87|0x0000000658800000, 0x0000000658c00000, 0x0000000658c00000|100%| E|CS|TAMS 0x0000000658800000, 0x0000000658800000| Complete 
|  88|0x0000000658c00000, 0x0000000659000000, 0x0000000659000000|100%| E|CS|TAMS 0x0000000658c00000, 0x0000000658c00000| Complete 
|  89|0x0000000659000000, 0x0000000659400000, 0x0000000659400000|100%| E|CS|TAMS 0x0000000659000000, 0x0000000659000000| Complete 
|  90|0x0000000659400000, 0x0000000659800000, 0x0000000659800000|100%| E|CS|TAMS 0x0000000659400000, 0x0000000659400000| Complete 
|  91|0x0000000659800000, 0x0000000659c00000, 0x0000000659c00000|100%| E|CS|TAMS 0x0000000659800000, 0x0000000659800000| Complete 
|  92|0x0000000659c00000, 0x000000065a000000, 0x000000065a000000|100%| E|CS|TAMS 0x0000000659c00000, 0x0000000659c00000| Complete 
|  93|0x000000065a000000, 0x000000065a400000, 0x000000065a400000|100%| E|CS|TAMS 0x000000065a000000, 0x000000065a000000| Complete 
|  94|0x000000065a400000, 0x000000065a800000, 0x000000065a800000|100%| E|CS|TAMS 0x000000065a400000, 0x000000065a400000| Complete 
|  95|0x000000065a800000, 0x000000065ac00000, 0x000000065ac00000|100%| E|CS|TAMS 0x000000065a800000, 0x000000065a800000| Complete 
|  96|0x000000065ac00000, 0x000000065b000000, 0x000000065b000000|100%| E|CS|TAMS 0x000000065ac00000, 0x000000065ac00000| Complete 
|  97|0x000000065b000000, 0x000000065b400000, 0x000000065b400000|100%| E|CS|TAMS 0x000000065b000000, 0x000000065b000000| Complete 
|  98|0x000000065b400000, 0x000000065b800000, 0x000000065b800000|100%| E|CS|TAMS 0x000000065b400000, 0x000000065b400000| Complete 
|  99|0x000000065b800000, 0x000000065bc00000, 0x000000065bc00000|100%| E|CS|TAMS 0x000000065b800000, 0x000000065b800000| Complete 
| 100|0x000000065bc00000, 0x000000065c000000, 0x000000065c000000|100%| E|CS|TAMS 0x000000065bc00000, 0x000000065bc00000| Complete 
| 101|0x000000065c000000, 0x000000065c400000, 0x000000065c400000|100%| E|CS|TAMS 0x000000065c000000, 0x000000065c000000| Complete 
| 102|0x000000065c400000, 0x000000065c800000, 0x000000065c800000|100%| E|CS|TAMS 0x000000065c400000, 0x000000065c400000| Complete 
| 103|0x000000065c800000, 0x000000065cc00000, 0x000000065cc00000|100%| E|CS|TAMS 0x000000065c800000, 0x000000065c800000| Complete 
| 104|0x000000065cc00000, 0x000000065ce6f750, 0x000000065d000000| 60%| S|CS|TAMS 0x000000065cc00000, 0x000000065cc00000| Complete 
| 105|0x000000065d000000, 0x000000065d400000, 0x000000065d400000|100%| E|CS|TAMS 0x000000065d000000, 0x000000065d000000| Complete 
| 106|0x000000065d400000, 0x000000065d800000, 0x000000065d800000|100%| E|CS|TAMS 0x000000065d400000, 0x000000065d400000| Complete 
| 107|0x000000065d800000, 0x000000065dc00000, 0x000000065dc00000|100%| E|CS|TAMS 0x000000065d800000, 0x000000065d800000| Complete 
| 108|0x000000065dc00000, 0x000000065e000000, 0x000000065e000000|100%| E|CS|TAMS 0x000000065dc00000, 0x000000065dc00000| Complete 
| 109|0x000000065e000000, 0x000000065e400000, 0x000000065e400000|100%| E|CS|TAMS 0x000000065e000000, 0x000000065e000000| Complete 
| 110|0x000000065e400000, 0x000000065e800000, 0x000000065e800000|100%| E|CS|TAMS 0x000000065e400000, 0x000000065e400000| Complete 
| 111|0x000000065e800000, 0x000000065ec00000, 0x000000065ec00000|100%| E|CS|TAMS 0x000000065e800000, 0x000000065e800000| Complete 

Card table byte_map: [0x00000263332d0000,0x00000263340c0000] _byte_map_base: 0x00000263300ba000

Marking Bits (Prev, Next): (CMBitMap*) 0x00000263192c0590, (CMBitMap*) 0x00000263192c05d0
 Prev Bits: [0x0000026334eb0000, 0x000002633be00000)
 Next Bits: [0x000002633be00000, 0x0000026342d50000)

Polling page: 0x0000026318f90000

Metaspace:

Usage:
  Non-class:     16.80 MB used.
      Class:      2.11 MB used.
       Both:     18.90 MB used.

Virtual space:
  Non-class space:       24.00 MB reserved,      16.94 MB ( 71%) committed,  3 nodes.
      Class space:        1.00 GB reserved,       2.25 MB ( <1%) committed,  1 nodes.
             Both:        1.02 GB reserved,      19.19 MB (  2%) committed. 

Chunk freelists:
   Non-Class:  2.17 MB
       Class:  1.81 MB
        Both:  3.98 MB

MaxMetaspaceSize: unlimited
CompressedClassSpaceSize: 1.00 GB
Initial GC threshold: 21.00 MB
Current GC threshold: 21.00 MB
CDS: on
MetaspaceReclaimPolicy: balanced
 - commit_granule_bytes: 65536.
 - commit_granule_words: 8192.
 - virtual_space_node_default_size: 1048576.
 - enlarge_chunks_in_place: 1.
 - new_chunks_are_fully_committed: 0.
 - uncommit_free_chunks: 1.
 - use_allocation_guard: 0.
 - handle_deallocations: 1.


Internal statistics:

num_allocs_failed_limit: 0.
num_arena_births: 202.
num_arena_deaths: 0.
num_vsnodes_births: 4.
num_vsnodes_deaths: 0.
num_space_committed: 307.
num_space_uncommitted: 0.
num_chunks_returned_to_freelist: 0.
num_chunks_taken_from_freelist: 694.
num_chunk_merges: 0.
num_chunk_splits: 491.
num_chunks_enlarged: 381.
num_purges: 0.
num_inconsistent_stats: 0.

CodeHeap 'non-profiled nmethods': size=119168Kb used=1898Kb max_used=1898Kb free=117270Kb
 bounds [0x000002632a0b0000, 0x000002632a320000, 0x0000026331510000]
CodeHeap 'profiled nmethods': size=119104Kb used=7036Kb max_used=7036Kb free=112068Kb
 bounds [0x0000026322c60000, 0x0000026323340000, 0x000002632a0b0000]
CodeHeap 'non-nmethods': size=7488Kb used=1337Kb max_used=3124Kb free=6150Kb
 bounds [0x0000026322510000, 0x0000026322830000, 0x0000026322c60000]
 total_blobs=3752 nmethods=3169 adapters=494
 compilation: enabled
              stopped_count=0, restarted_count=0
 full_count=0

Compilation events (20 events):
Event: 2424.306 Thread 0x0000026346822860 3163       3       java.util.stream.FindOps$FindSink$OfRef::get (19 bytes)
Event: 2424.306 Thread 0x0000026346822860 nmethod 3163 0x000002632333c990 code [0x000002632333cb80, 0x000002632333d068]
Event: 2425.938 Thread 0x0000026346822860 3167       3       java.lang.Math::floorMod (29 bytes)
Event: 2425.938 Thread 0x0000026346822860 nmethod 3167 0x000002632333d210 code [0x000002632333d3a0, 0x000002632333d558]
Event: 2437.982 Thread 0x0000026346822860 3168       3       java.lang.Math::multiplyExact (74 bytes)
Event: 2437.982 Thread 0x0000026346822860 nmethod 3168 0x000002632333d610 code [0x000002632333d7e0, 0x000002632333dce8]
Event: 2443.672 Thread 0x0000026346821eb0 3169       4       java.lang.String::<init> (15 bytes)
Event: 2443.673 Thread 0x0000026346821eb0 nmethod 3169 0x000002632a289e90 code [0x000002632a28a000, 0x000002632a28a158]
Event: 2483.814 Thread 0x0000026346821eb0 3170       4       jdk.internal.misc.Unsafe::getInt (7 bytes)
Event: 2483.814 Thread 0x0000026346821eb0 nmethod 3170 0x000002632a28a210 code [0x000002632a28a380, 0x000002632a28a3f8]
Event: 2483.815 Thread 0x0000026346822860 3171       1       java.nio.channels.SelectionKey::attachment (5 bytes)
Event: 2483.815 Thread 0x0000026346822860 nmethod 3171 0x000002632a28a510 code [0x000002632a28a6a0, 0x000002632a28a778]
Event: 2483.816 Thread 0x0000026346822860 3172       3       java.lang.invoke.MethodHandles$Lookup::getDirectMethodNoSecurityManager (18 bytes)
Event: 2483.816 Thread 0x0000026346822860 nmethod 3172 0x000002632333de90 code [0x000002632333e020, 0x000002632333e1a8]
Event: 2483.818 Thread 0x0000026346822860 3173       3       java.nio.ByteBuffer::position (6 bytes)
Event: 2483.818 Thread 0x0000026346822860 nmethod 3173 0x000002632333e290 code [0x000002632333e440, 0x000002632333e628]
Event: 2483.818 Thread 0x0000026346822860 3174       3       jdk.internal.misc.VM::initLevel (4 bytes)
Event: 2483.818 Thread 0x0000026346822860 nmethod 3174 0x000002632333e710 code [0x000002632333e8a0, 0x000002632333e998]
Event: 2483.818 Thread 0x0000026346822860 3175       3       java.util.LinkedList::node (65 bytes)
Event: 2483.818 Thread 0x0000026346822860 nmethod 3175 0x000002632333ea10 code [0x000002632333ebc0, 0x000002632333eeb8]

GC Heap History (4 events):
Event: 0.762 GC heap before
{Heap before GC invocations=0 (full 0):
 garbage-first heap   total 458752K, used 16384K [0x0000000642c00000, 0x0000000800000000)
  region size 4096K, 5 young (20480K), 0 survivors (0K)
 Metaspace       used 4025K, committed 4160K, reserved 1056768K
  class space    used 383K, committed 448K, reserved 1048576K
}
Event: 0.765 GC heap after
{Heap after GC invocations=1 (full 0):
 garbage-first heap   total 458752K, used 3864K [0x0000000642c00000, 0x0000000800000000)
  region size 4096K, 1 young (4096K), 1 survivors (4096K)
 Metaspace       used 4025K, committed 4160K, reserved 1056768K
  class space    used 383K, committed 448K, reserved 1048576K
}
Event: 1.181 GC heap before
{Heap before GC invocations=1 (full 0):
 garbage-first heap   total 458752K, used 24344K [0x0000000642c00000, 0x0000000800000000)
  region size 4096K, 7 young (28672K), 1 survivors (4096K)
 Metaspace       used 7795K, committed 8000K, reserved 1056768K
  class space    used 850K, committed 960K, reserved 1048576K
}
Event: 1.185 GC heap after
{Heap after GC invocations=2 (full 0):
 garbage-first heap   total 458752K, used 6147K [0x0000000642c00000, 0x0000000800000000)
  region size 4096K, 1 young (4096K), 1 survivors (4096K)
 Metaspace       used 7795K, committed 8000K, reserved 1056768K
  class space    used 850K, committed 960K, reserved 1048576K
}

Deoptimization events (20 events):
Event: 8.641 Thread 0x000002634a50d450 DEOPT PACKING pc=0x000002632a1ef934 sp=0x000000ea6c6f83f0
Event: 8.641 Thread 0x000002634a50d450 DEOPT UNPACKING pc=0x00000263225623a3 sp=0x000000ea6c6f83c0 mode 2
Event: 483.378 Thread 0x000002634a50d450 Uncommon trap: trap_request=0xffffff45 fr.pc=0x000002632a2679c4 relative=0x0000000000000124
Event: 483.378 Thread 0x000002634a50d450 Uncommon trap: reason=unstable_if action=reinterpret pc=0x000002632a2679c4 method=org.eclipse.jdt.launching.internal.org.objectweb.asm.Type.hashCode()I @ 8 c2
Event: 483.378 Thread 0x000002634a50d450 DEOPT PACKING pc=0x000002632a2679c4 sp=0x000000ea6c6fc120
Event: 483.378 Thread 0x000002634a50d450 DEOPT UNPACKING pc=0x00000263225623a3 sp=0x000000ea6c6fc0b0 mode 2
Event: 483.381 Thread 0x000002634a50d450 Uncommon trap: trap_request=0xffffff45 fr.pc=0x000002632a110b94 relative=0x00000000000002f4
Event: 483.381 Thread 0x000002634a50d450 Uncommon trap: reason=unstable_if action=reinterpret pc=0x000002632a110b94 method=java.util.concurrent.ConcurrentHashMap.get(Ljava/lang/Object;)Ljava/lang/Object; @ 76 c2
Event: 483.381 Thread 0x000002634a50d450 DEOPT PACKING pc=0x000002632a110b94 sp=0x000000ea6c6fd210
Event: 483.381 Thread 0x000002634a50d450 DEOPT UNPACKING pc=0x00000263225623a3 sp=0x000000ea6c6fd1a8 mode 2
Event: 2127.140 Thread 0x000002634a50d450 Uncommon trap: trap_request=0xffffff45 fr.pc=0x000002632a0fe258 relative=0x0000000000000338
Event: 2127.140 Thread 0x000002634a50d450 Uncommon trap: reason=unstable_if action=reinterpret pc=0x000002632a0fe258 method=java.util.HashMap.hash(Ljava/lang/Object;)I @ 1 c2
Event: 2127.140 Thread 0x000002634a50d450 DEOPT PACKING pc=0x000002632a0fe258 sp=0x000000ea6c6fe190
Event: 2127.140 Thread 0x000002634a50d450 DEOPT UNPACKING pc=0x00000263225623a3 sp=0x000000ea6c6fe0a8 mode 2
Event: 2290.484 Thread 0x000002634a50a430 DEOPT PACKING pc=0x00000263231ea1aa sp=0x000000ea6a9ff4f0
Event: 2290.484 Thread 0x000002634a50a430 DEOPT UNPACKING pc=0x0000026322562b43 sp=0x000000ea6a9fe9a0 mode 3
Event: 2483.815 Thread 0x000002634a50bc40 Uncommon trap: trap_request=0xffffffc6 fr.pc=0x000002632a1e8b2c relative=0x0000000000000b0c
Event: 2483.815 Thread 0x000002634a50bc40 Uncommon trap: reason=bimorphic_or_optimized_type_check action=maybe_recompile pc=0x000002632a1e8b2c method=java.util.HashMap.putVal(ILjava/lang/Object;Ljava/lang/Object;ZZ)Ljava/lang/Object; @ 91 c2
Event: 2483.815 Thread 0x000002634a50bc40 DEOPT PACKING pc=0x000002632a1e8b2c sp=0x000000ea6c5ff0c0
Event: 2483.815 Thread 0x000002634a50bc40 DEOPT UNPACKING pc=0x00000263225623a3 sp=0x000000ea6c5ff070 mode 2

Classes unloaded (0 events):
No events

Classes redefined (12 events):
Event: 2480.308 Thread 0x000002634575dfc0 redefined class name=tools.vitruv.framework.remote.common.util.HttpExchangeWrapper, count=1
Event: 2480.308 Thread 0x000002634575dfc0 redefined class name=tools.vitruv.framework.remote.common.util.Mapper, count=1
Event: 2480.308 Thread 0x000002634575dfc0 redefined class name=tools.vitruv.framework.remote.common.util.JsonMapper, count=1
Event: 2484.338 Thread 0x000002634575dfc0 redefined class name=tools.vitruv.framework.remote.common.util.JsonMapper, count=2
Event: 2485.114 Thread 0x000002634575dfc0 redefined class name=tools.vitruv.framework.remote.common.serializer.VitruviusChangeSerializer, count=1
Event: 2485.114 Thread 0x000002634575dfc0 redefined class name=tools.vitruv.framework.remote.common.serializer.ResourceSetSerializer, count=1
Event: 2485.114 Thread 0x000002634575dfc0 redefined class name=tools.vitruv.framework.remote.common.deserializer.IdTranformer, count=1
Event: 2485.114 Thread 0x000002634575dfc0 redefined class name=tools.vitruv.framework.remote.common.util.IdTransformation, count=1
Event: 2485.114 Thread 0x000002634575dfc0 redefined class name=tools.vitruv.framework.remote.common.deserializer.ResourceSetDeserializer, count=1
Event: 2485.114 Thread 0x000002634575dfc0 redefined class name=tools.vitruv.framework.remote.common.deserializer.VitruviusChangeDeserializer, count=1
Event: 2485.114 Thread 0x000002634575dfc0 redefined class name=tools.vitruv.framework.remote.common.deserializer.ReferenceDeserializerModifier, count=1
Event: 2485.114 Thread 0x000002634575dfc0 redefined class name=tools.vitruv.framework.remote.common.serializer.ReferenceSerializerModifier, count=1

Internal exceptions (20 events):
Event: 1.254 Thread 0x0000026319225630 Exception <a 'java/lang/NoSuchMethodError'{0x000000065e40c4d8}: 'java.lang.Object java.lang.invoke.DirectMethodHandle$Holder.invokeStaticInit(java.lang.Object)'> (0x000000065e40c4d8) 
thrown [s\src\hotspot\share\interpreter\linkResolver.cpp, line 759]
Event: 1.352 Thread 0x0000026319225630 Implicit null exception at 0x000002632a11b6ca to 0x000002632a11b7a0
Event: 1.638 Thread 0x0000026319225630 Exception <a 'sun/nio/fs/WindowsException'{0x000000065b44e8e8}> (0x000000065b44e8e8) 
thrown [s\src\hotspot\share\prims\jni.cpp, line 516]
Event: 1.638 Thread 0x0000026319225630 Exception <a 'sun/nio/fs/WindowsException'{0x000000065b44ec38}> (0x000000065b44ec38) 
thrown [s\src\hotspot\share\prims\jni.cpp, line 516]
Event: 1.664 Thread 0x0000026319225630 Exception <a 'java/lang/NoSuchMethodError'{0x000000065b58c650}: 'java.lang.Object java.lang.invoke.DirectMethodHandle$Holder.invokeStaticInit(java.lang.Object, java.lang.Object, java.lang.Object)'> (0x000000065b58c650) 
thrown [s\src\hotspot\share\interpreter\linkResolver.cpp, line 759]
Event: 1.753 Thread 0x0000026319225630 Exception <a 'java/lang/NoSuchMethodError'{0x000000065b07fda0}: 'void java.lang.invoke.DirectMethodHandle$Holder.invokeStatic(java.lang.Object, java.lang.Object, java.lang.Object)'> (0x000000065b07fda0) 
thrown [s\src\hotspot\share\interpreter\linkResolver.cpp, line 759]
Event: 3.648 Thread 0x000002634a50d450 Implicit null exception at 0x000002632a125bde to 0x000002632a126864
Event: 3.649 Thread 0x000002634a50d450 Implicit null exception at 0x000002632a12720f to 0x000002632a12728d
Event: 3.650 Thread 0x000002634a50d450 Exception <a 'java/lang/NoSuchMethodError'{0x000000065acaae68}: 'void java.lang.invoke.DirectMethodHandle$Holder.invokeStatic(java.lang.Object, java.lang.Object, java.lang.Object, java.lang.Object)'> (0x000000065acaae68) 
thrown [s\src\hotspot\share\interpreter\linkResolver.cpp, line 759]
Event: 3.682 Thread 0x000002634a50d450 Exception <a 'java/lang/NoSuchMethodError'{0x000000065aed8190}: 'java.lang.Object java.lang.invoke.DirectMethodHandle$Holder.newInvokeSpecial(java.lang.Object, java.lang.Object, java.lang.Object, java.lang.Object, java.lang.Object)'> (0x000000065aed8190) 
thrown [s\src\hotspot\share\interpreter\linkResolver.cpp, line 759]
Event: 3.706 Thread 0x000002634a50d450 Exception <a 'java/lang/NoSuchMethodError'{0x000000065a977ad8}: 'java.lang.Object java.lang.invoke.DirectMethodHandle$Holder.invokeSpecial(java.lang.Object, java.lang.Object, java.lang.Object, java.lang.Object, int)'> (0x000000065a977ad8) 
thrown [s\src\hotspot\share\interpreter\linkResolver.cpp, line 759]
Event: 3.706 Thread 0x000002634a50d450 Exception <a 'java/lang/NoSuchMethodError'{0x000000065a97b6a0}: 'java.lang.Object java.lang.invoke.Invokers$Holder.linkToTargetMethod(java.lang.Object, java.lang.Object, int, java.lang.Object)'> (0x000000065a97b6a0) 
thrown [s\src\hotspot\share\interpreter\linkResolver.cpp, line 759]
Event: 3.718 Thread 0x000002634a50d450 Exception <a 'java/lang/NoSuchMethodError'{0x000000065aac3160}: 'void java.lang.invoke.DirectMethodHandle$Holder.invokeSpecial(java.lang.Object, java.lang.Object, java.lang.Object)'> (0x000000065aac3160) 
thrown [s\src\hotspot\share\interpreter\linkResolver.cpp, line 759]
Event: 3.729 Thread 0x000002634a50d450 Exception <a 'java/lang/NoSuchMethodError'{0x000000065abedc28}: 'void java.lang.invoke.DirectMethodHandle$Holder.invokeSpecial(java.lang.Object, java.lang.Object, java.lang.Object, java.lang.Object, java.lang.Object)'> (0x000000065abedc28) 
thrown [s\src\hotspot\share\interpreter\linkResolver.cpp, line 759]
Event: 3.737 Thread 0x00000263478f2050 Exception <a 'java/lang/NoSuchMethodError'{0x000000065e233278}: 'void java.lang.invoke.DirectMethodHandle$Holder.invokeStatic(java.lang.Object, java.lang.Object, int)'> (0x000000065e233278) 
thrown [s\src\hotspot\share\interpreter\linkResolver.cpp, line 759]
Event: 3.763 Thread 0x000002634a50cab0 Exception <a 'java/lang/NoSuchMethodError'{0x000000065a0ad110}: 'void java.lang.invoke.DirectMethodHandle$Holder.invokeSpecial(java.lang.Object, java.lang.Object, java.lang.Object, java.lang.Object, java.lang.Object, java.lang.Object, java.lang.Object)'> (0x000000065a0ad110) 
thrown [s\src\hotspot\share\interpreter\linkResolver.cpp, line 759]
Event: 3.870 Thread 0x000002634a50d450 Implicit null exception at 0x000002632a10ddf0 to 0x000002632a10e060
Event: 4.030 Thread 0x000002634a50d450 Exception <a 'java/lang/NoSuchMethodError'{0x000000065941a410}: 'java.lang.Object java.lang.invoke.DirectMethodHandle$Holder.invokeSpecial(java.lang.Object, java.lang.Object, int, java.lang.Object, java.lang.Object)'> (0x000000065941a410) 
thrown [s\src\hotspot\share\interpreter\linkResolver.cpp, line 759]
Event: 2127.140 Thread 0x000002634a50d450 Implicit null exception at 0x000002632a0fdf70 to 0x000002632a0fe234
Event: 2483.814 Thread 0x000002634a50bc40 Exception <a 'sun/net/ConnectionResetException'{0x000000065b2338c8}: Connection reset> (0x000000065b2338c8) 
thrown [s\src\hotspot\share\prims\jni.cpp, line 535]

VM Operations (20 events):
Event: 2418.324 Executing VM operation: ChangeBreakpoints
Event: 2418.325 Executing VM operation: ChangeBreakpoints done
Event: 2418.332 Executing VM operation: ChangeBreakpoints
Event: 2418.333 Executing VM operation: ChangeBreakpoints done
Event: 2418.337 Executing VM operation: ChangeBreakpoints
Event: 2418.338 Executing VM operation: ChangeBreakpoints done
Event: 2418.392 Executing VM operation: ChangeBreakpoints
Event: 2418.393 Executing VM operation: ChangeBreakpoints done
Event: 2418.407 Executing VM operation: ChangeBreakpoints
Event: 2418.408 Executing VM operation: ChangeBreakpoints done
Event: 2480.298 Executing VM operation: RedefineClasses
Event: 2480.325 Executing VM operation: RedefineClasses done
Event: 2484.330 Executing VM operation: RedefineClasses
Event: 2484.349 Executing VM operation: RedefineClasses done
Event: 2485.108 Executing VM operation: RedefineClasses
Event: 2485.126 Executing VM operation: RedefineClasses done
Event: 2485.144 Executing VM operation: ChangeBreakpoints
Event: 2485.145 Executing VM operation: ChangeBreakpoints done
Event: 2485.152 Executing VM operation: ChangeBreakpoints
Event: 2485.153 Executing VM operation: ChangeBreakpoints done

Events (20 events):
Event: 2416.909 Thread 0x0000026347600e30 Thread added: 0x0000026347600e30
Event: 2421.930 Thread 0x00000263475feac0 Thread exited: 0x00000263475feac0
Event: 2421.930 Thread 0x0000026347600e30 Thread exited: 0x0000026347600e30
Event: 2439.185 Thread 0x000002634a50b2a0 Thread exited: 0x000002634a50b2a0
Event: 2473.820 Thread 0x000002634a50a900 Thread exited: 0x000002634a50a900
Event: 2476.925 Thread 0x000002634a50add0 Thread exited: 0x000002634a50add0
Event: 2476.925 Thread 0x0000026347af4800 Thread exited: 0x0000026347af4800
Event: 2483.814 loading class sun/net/ConnectionResetException
Event: 2483.814 loading class sun/net/ConnectionResetException done
Event: 2483.816 loading class java/util/concurrent/CompletionException
Event: 2483.816 loading class java/util/concurrent/CompletionException done
Event: 2483.816 loading class java/util/concurrent/CancellationException
Event: 2483.816 loading class java/util/concurrent/CancellationException done
Event: 2483.816 loading class java/lang/Throwable$WrappedPrintStream
Event: 2483.816 loading class java/lang/Throwable$PrintStreamOrWriter
Event: 2483.816 loading class java/lang/Throwable$PrintStreamOrWriter done
Event: 2483.816 loading class java/lang/Throwable$WrappedPrintStream done
Event: 2483.817 loading class java/lang/StackTraceElement$HashedModules
Event: 2483.817 loading class java/lang/StackTraceElement$HashedModules done
Event: 2484.311 Thread 0x000002634a50cab0 Thread exited: 0x000002634a50cab0


Dynamic libraries:
0x00007ff681190000 - 0x00007ff68119d000 	C:\Program Files\Amazon Corretto\jdk17.0.4_9\bin\javaw.exe
0x00007ffb38490000 - 0x00007ffb386a6000 	C:\WINDOWS\SYSTEM32\ntdll.dll
0x00007ffb372d0000 - 0x00007ffb37394000 	C:\WINDOWS\System32\KERNEL32.DLL
0x00007ffb35ba0000 - 0x00007ffb35f46000 	C:\WINDOWS\System32\KERNELBASE.dll
0x00007ffb35960000 - 0x00007ffb35a71000 	C:\WINDOWS\System32\ucrtbase.dll
0x00007ffb2f3a0000 - 0x00007ffb2f3b8000 	C:\Program Files\Amazon Corretto\jdk17.0.4_9\bin\jli.dll
0x00007ffb2f1a0000 - 0x00007ffb2f1b5000 	C:\Program Files\Amazon Corretto\jdk17.0.4_9\bin\VCRUNTIME140.dll
0x00007ffb373a0000 - 0x00007ffb3754d000 	C:\WINDOWS\System32\USER32.dll
0x00007ffb361b0000 - 0x00007ffb361d6000 	C:\WINDOWS\System32\win32u.dll
0x00007ffb1aa40000 - 0x00007ffb1acd3000 	C:\WINDOWS\WinSxS\amd64_microsoft.windows.common-controls_6595b64144ccf1df_6.0.22621.3235_none_270f74e173860f98\COMCTL32.dll
0x00007ffb38130000 - 0x00007ffb38159000 	C:\WINDOWS\System32\GDI32.dll
0x00007ffb35a80000 - 0x00007ffb35b98000 	C:\WINDOWS\System32\gdi32full.dll
0x00007ffb36340000 - 0x00007ffb363e7000 	C:\WINDOWS\System32\msvcrt.dll
0x00007ffb35840000 - 0x00007ffb358da000 	C:\WINDOWS\System32\msvcp_win.dll
0x00007ffb363f0000 - 0x00007ffb36421000 	C:\WINDOWS\System32\IMM32.DLL
0x00007ffb2eea0000 - 0x00007ffb2ef3b000 	C:\Program Files\Amazon Corretto\jdk17.0.4_9\bin\msvcp140.dll
0x00007ffa9e6f0000 - 0x00007ffa9f304000 	C:\Program Files\Amazon Corretto\jdk17.0.4_9\bin\server\jvm.dll
0x00007ffb37b60000 - 0x00007ffb37c12000 	C:\WINDOWS\System32\ADVAPI32.dll
0x00007ffb361e0000 - 0x00007ffb36288000 	C:\WINDOWS\System32\sechost.dll
0x00007ffb36010000 - 0x00007ffb36038000 	C:\WINDOWS\System32\bcrypt.dll
0x00007ffb367f0000 - 0x00007ffb36905000 	C:\WINDOWS\System32\RPCRT4.dll
0x00007ffb367e0000 - 0x00007ffb367e8000 	C:\WINDOWS\System32\PSAPI.DLL
0x00007ffb066c0000 - 0x00007ffb066c9000 	C:\WINDOWS\SYSTEM32\WSOCK32.dll
0x00007ffb38380000 - 0x00007ffb383f1000 	C:\WINDOWS\System32\WS2_32.dll
0x00007ffb2b0a0000 - 0x00007ffb2b0aa000 	C:\WINDOWS\SYSTEM32\VERSION.dll
0x00007ffb2fb60000 - 0x00007ffb2fb94000 	C:\WINDOWS\SYSTEM32\WINMM.dll
0x00007ffb34840000 - 0x00007ffb34858000 	C:\WINDOWS\SYSTEM32\kernel.appcore.dll
0x00007ffb32370000 - 0x00007ffb3237a000 	C:\Program Files\Amazon Corretto\jdk17.0.4_9\bin\jimage.dll
0x00007ffb32f90000 - 0x00007ffb331c3000 	C:\WINDOWS\SYSTEM32\DBGHELP.DLL
0x00007ffb377c0000 - 0x00007ffb37b48000 	C:\WINDOWS\System32\combase.dll
0x00007ffb36430000 - 0x00007ffb36507000 	C:\WINDOWS\System32\OLEAUT32.dll
0x00007ffb2acb0000 - 0x00007ffb2ace2000 	C:\WINDOWS\SYSTEM32\dbgcore.DLL
0x00007ffb358e0000 - 0x00007ffb3595a000 	C:\WINDOWS\System32\bcryptPrimitives.dll
0x00007ffb12a90000 - 0x00007ffb12ac9000 	C:\Program Files\Amazon Corretto\jdk17.0.4_9\bin\jdwp.dll
0x00007ffb323b0000 - 0x00007ffb323be000 	C:\Program Files\Amazon Corretto\jdk17.0.4_9\bin\instrument.dll
0x00007ffb2f360000 - 0x00007ffb2f385000 	C:\Program Files\Amazon Corretto\jdk17.0.4_9\bin\java.dll
0x00007ffab9080000 - 0x00007ffab9156000 	C:\Program Files\Amazon Corretto\jdk17.0.4_9\bin\jsvml.dll
0x00007ffb36a10000 - 0x00007ffb3726d000 	C:\WINDOWS\System32\SHELL32.dll
0x00007ffb33630000 - 0x00007ffb33f28000 	C:\WINDOWS\SYSTEM32\windows.storage.dll
0x00007ffb334f0000 - 0x00007ffb3362e000 	C:\WINDOWS\SYSTEM32\wintypes.dll
0x00007ffb37560000 - 0x00007ffb37653000 	C:\WINDOWS\System32\SHCORE.dll
0x00007ffb37270000 - 0x00007ffb372ce000 	C:\WINDOWS\System32\shlwapi.dll
0x00007ffb35700000 - 0x00007ffb35726000 	C:\WINDOWS\SYSTEM32\profapi.dll
0x00007ffb30260000 - 0x00007ffb3026c000 	C:\Program Files\Amazon Corretto\jdk17.0.4_9\bin\dt_socket.dll
0x00007ffb34050000 - 0x00007ffb3407d000 	C:\WINDOWS\SYSTEM32\IPHLPAPI.DLL
0x00007ffb34d30000 - 0x00007ffb34d99000 	C:\WINDOWS\system32\mswsock.dll
0x00007ffb34080000 - 0x00007ffb34179000 	C:\WINDOWS\SYSTEM32\DNSAPI.dll
0x00007ffb37550000 - 0x00007ffb37559000 	C:\WINDOWS\System32\NSI.dll
0x00007ffb30bc0000 - 0x00007ffb30bca000 	C:\Windows\System32\rasadhlp.dll
0x00007ffb30b30000 - 0x00007ffb30bb3000 	C:\WINDOWS\System32\fwpuclnt.dll
0x00007ffb2bcc0000 - 0x00007ffb2bcd8000 	C:\Program Files\Amazon Corretto\jdk17.0.4_9\bin\zip.dll
0x00007ffb2e450000 - 0x00007ffb2e469000 	C:\Program Files\Amazon Corretto\jdk17.0.4_9\bin\net.dll
0x00007ffb30d40000 - 0x00007ffb30e77000 	C:\WINDOWS\SYSTEM32\WINHTTP.dll
0x00007ffb2bcf0000 - 0x00007ffb2bd05000 	C:\Program Files\Amazon Corretto\jdk17.0.4_9\bin\nio.dll
0x00007ffb32380000 - 0x00007ffb32390000 	C:\Program Files\Amazon Corretto\jdk17.0.4_9\bin\verify.dll
0x00007ffb30940000 - 0x00007ffb3094e000 	C:\Program Files\Amazon Corretto\jdk17.0.4_9\bin\sunmscapi.dll
0x00007ffb36040000 - 0x00007ffb361a6000 	C:\WINDOWS\System32\CRYPT32.dll
0x00007ffb35130000 - 0x00007ffb3515e000 	C:\WINDOWS\SYSTEM32\ncrypt.dll
0x00007ffb350f0000 - 0x00007ffb35127000 	C:\WINDOWS\SYSTEM32\NTASN1.dll
0x00007ffb35020000 - 0x00007ffb3503b000 	C:\WINDOWS\SYSTEM32\CRYPTSP.dll
0x00007ffb347a0000 - 0x00007ffb347d5000 	C:\WINDOWS\system32\rsaenh.dll
0x00007ffb34dd0000 - 0x00007ffb34dfc000 	C:\WINDOWS\SYSTEM32\USERENV.dll
0x00007ffb35000000 - 0x00007ffb3500c000 	C:\WINDOWS\SYSTEM32\CRYPTBASE.dll
0x00007ffb30bf0000 - 0x00007ffb30c09000 	C:\WINDOWS\SYSTEM32\dhcpcsvc6.DLL
0x00007ffb30b10000 - 0x00007ffb30b2f000 	C:\WINDOWS\SYSTEM32\dhcpcsvc.DLL
0x00007ffb0a9b0000 - 0x00007ffb0a9b8000 	C:\WINDOWS\system32\wshunix.dll

dbghelp: loaded successfully - version: 4.0.5 - missing functions: none
symbol engine: initialized successfully - sym options: 0x614 - pdb path: .;C:\Program Files\Amazon Corretto\jdk17.0.4_9\bin;C:\WINDOWS\SYSTEM32;C:\WINDOWS\WinSxS\amd64_microsoft.windows.common-controls_6595b64144ccf1df_6.0.22621.3235_none_270f74e173860f98;C:\Program Files\Amazon Corretto\jdk17.0.4_9\bin\server

VM Arguments:
jvm_args: -XX:+ShowCodeDetailsInExceptionMessages -agentlib:jdwp=transport=dt_socket,suspend=y,address=localhost:53766 -javaagent:C:\Users\nbe_adm\eclipse\modeling-2023-09\eclipse\configuration\org.eclipse.osgi\689\0\.cp\lib\javaagent-shaded.jar -Dfile.encoding=UTF-8 -Dstdout.encoding=UTF-8 -Dstderr.encoding=UTF-8 
java_command: edu.kit.ipd.sdq.vitruvius.cloud.adapter.launch.AdapterLaunch
java_class_path (initial): C:\Users\nbe_adm\.p2\pool\plugins\org.osgi.annotation.versioning_1.1.2.202109301733.jar;C:\Users\nbe_adm\.p2\pool\plugins\org.osgi.annotation.bundle_2.0.0.202202082230.jar;C:\Users\nbe_adm\.p2\pool\plugins\org.osgi.service.component.annotations_1.5.1.202212101352.jar;C:\Users\nbe_adm\.p2\pool\plugins\org.osgi.service.metatype.annotations_1.4.1.202109301733.jar;C:\Users\nbe_adm\.p2\pool\plugins\org.apache.log4j_1.2.25.jar;C:\Users\nbe_adm\.p2\pool\plugins\tools.vitruv.change.composite_3.0.1.202402230237.jar;C:\Users\nbe_adm\.p2\pool\plugins\tools.vitruv.change.atomic_3.0.1.202402230237.jar;C:\Users\nbe_adm\.p2\pool\plugins\org.eclipse.emf.ecore_2.35.0.v20230829-0934.jar;C:\Users\nbe_adm\.p2\pool\plugins\org.eclipse.emf.common_2.29.0.v20230916-0637.jar;C:\Users\nbe_adm\.p2\pool\plugins\tools.vitruv.change.interaction.model_3.0.1.202402230237.jar;C:\Users\nbe_adm\.p2\pool\plugins\org.eclipse.emf.compare_3.5.3.202311200811.jar;C:\Users\nbe_adm\.p2\pool\plugins\org.eclipse.emf.ecore.xmi_2.36.0.v20231002-1156.jar;C:\Users\nbe_adm\.p2\pool\plugins\org.eclipse.xtend.lib_2.33.0.v20231121-0955.jar;C:\Users\nbe_adm\.p2\pool\plugins\org.eclipse.xtext.xbase.lib_2.33.0.v20231121-0955.jar;C:\Users\nbe_adm\.p2\pool\plugins\com.google.guava_32.1.3.jre.jar;C:\Users\nbe_adm\.p2\pool\plugins\org.eclipse.xtend.lib.macro_2.33.0.v20231121-0955.jar;C:\Users\nbe_adm\.p2\pool\plugins\edu.kit.ipd.sdq.activextendannotations_1.6.0.jar;C:\Users\nbe_adm\.p2\pool\plugins\edu.kit.ipd.sdq.commons.util.emf_2.3.0.202304271319.jar;C:\Users\nbe_adm\Documents\workspace\ma\remote\Vitruv\bundles\tools.vitruv.framework.views\target\classes;C:\Users\nbe_adm\.p2\pool\plugins\tools.vitruv.change.propagation_3.0.1.202402230237.jar;C:\Users\nbe_adm\.p2\pool\plugins\tools.vitruv.change.correspondence_3.0.1.202402230237.jar;C:\Users\nbe_adm\.p2\pool\plugins\tools.vitruv.change.interaction_3.0.1.202402230237.jar;C:\Users\nbe_adm\.p2\pool\plugins\edu.kit.ipd.sdq.commons.util.java_2.3.0.2
Launcher Type: SUN_STANDARD

[Global flags]
     intx CICompilerCount                          = 12                                        {product} {ergonomic}
     uint ConcGCThreads                            = 3                                         {product} {ergonomic}
     uint G1ConcRefinementThreads                  = 13                                        {product} {ergonomic}
   size_t G1HeapRegionSize                         = 4194304                                   {product} {ergonomic}
    uintx GCDrainStackTargetSize                   = 64                                        {product} {ergonomic}
   size_t InitialHeapSize                          = 469762048                                 {product} {ergonomic}
   size_t MarkStackSize                            = 4194304                                   {product} {ergonomic}
   size_t MaxHeapSize                              = 7470055424                                {product} {ergonomic}
   size_t MaxNewSize                               = 4479516672                                {product} {ergonomic}
   size_t MinHeapDeltaBytes                        = 4194304                                   {product} {ergonomic}
   size_t MinHeapSize                              = 8388608                                   {product} {ergonomic}
    uintx NonNMethodCodeHeapSize                   = 7602480                                {pd product} {ergonomic}
    uintx NonProfiledCodeHeapSize                  = 122027880                              {pd product} {ergonomic}
    uintx ProfiledCodeHeapSize                     = 122027880                              {pd product} {ergonomic}
    uintx ReservedCodeCacheSize                    = 251658240                              {pd product} {ergonomic}
     bool SegmentedCodeCache                       = true                                      {product} {ergonomic}
     bool ShowCodeDetailsInExceptionMessages       = true                                   {manageable} {command line}
   size_t SoftMaxHeapSize                          = 7470055424                             {manageable} {ergonomic}
     bool UseCompressedClassPointers               = true                           {product lp64_product} {ergonomic}
     bool UseCompressedOops                        = true                           {product lp64_product} {ergonomic}
     bool UseG1GC                                  = true                                      {product} {ergonomic}
     bool UseLargePagesIndividualAllocation        = false                                  {pd product} {ergonomic}

Logging:
Log output configuration:
 #0: stdout all=warning uptime,level,tags
 #1: stderr all=off uptime,level,tags

Environment Variables:
JAVA_HOME=C:\Program Files\Amazon Corretto\jdk17.0.4_9
PATH=C:/Program Files/Amazon Corretto/jdk17.0.4_9/bin/server;C:/Program Files/Amazon Corretto/jdk17.0.4_9/bin;C:\Program Files\Amazon Corretto\jdk17.0.4_9\bin;C:\WINDOWS\system32;C:\WINDOWS;C:\WINDOWS\System32\Wbem;C:\WINDOWS\System32\WindowsPowerShell\v1.0\;C:\WINDOWS\System32\OpenSSH\;C:\Program Files\Git\cmd;C:\apache-maven-3.8.6\bin;C:\Program Files (x86)\Windows Kits\10\Windows Performance Toolkit\;C:\Program Files\dotnet\;C:\Program Files\Docker\Docker\resources\bin;%NVM_HOME%;%NVM_SYMLINK%;C:\Users\nbe_adm\AppData\Local\Microsoft\WindowsApps;C:\Users\nbe_adm\AppData\Local\Programs\Microsoft VS Code\bin;C:\Users\nbe_adm\AppData\Roaming\nvm;C:\Users\nbe_adm\AppData\Local\JetBrains\Toolbox\scripts;node_modules\corepack\shims\nodewin\yarn;C:\Users\nbe_adm\AppData\Roaming\nvm;C:\Program Files\nodejs;C:\Users\nbe_adm\AppData\Local\gitkraken\bin;C:\Users\nbe_adm\AppData\Roaming\nvm;C:\Program Files\nodejs;C:\Users\nbe_adm\Desktop;
USERNAME=nbe_adm
OS=Windows_NT
PROCESSOR_IDENTIFIER=AMD64 Family 25 Model 80 Stepping 0, AuthenticAMD
TMP=C:\Users\nbe_adm\AppData\Local\Temp
TEMP=C:\Users\nbe_adm\AppData\Local\Temp



---------------  S Y S T E M  ---------------

OS:
 Windows 11 , 64 bit Build 22621 (10.0.22621.3235)
OS uptime: 3 days 3:47 hours
Hyper-V role detected

CPU: total 16 (initial active 16) (16 cores per cpu, 2 threads per core) family 25 model 80 stepping 0 microcode 0x0, cx8, cmov, fxsr, ht, mmx, 3dnowpref, sse, sse2, sse3, ssse3, sse4a, sse4.1, sse4.2, popcnt, lzcnt, tsc, tscinvbit, avx, avx2, aes, erms, clmul, bmi1, bmi2, adx, sha, fma, vzeroupper, clflush, clflushopt, hv

Memory: 4k page, system-wide physical 28494M (8711M free)
TotalPageFile size 45902M (AvailPageFile size 14620M)
current process WorkingSet (physical memory assigned to process): 103M, peak: 265M
current process commit charge ("private bytes"): 592M, peak: 698M

vm_info: OpenJDK 64-Bit Server VM (17.0.4.1+9-LTS) for windows-amd64 JRE (17.0.4.1+9-LTS), built on Aug 12 2022 17:33:36 by "Administrator" with MS VC++ 15.9 (VS2017)

END.
